#
# There is insufficient memory for the Java Runtime Environment to continue.
# Native memory allocation (malloc) failed to allocate 1045136 bytes. Error detail: Chunk::new
# Possible reasons:
#   The system is out of physical RAM or swap space
#   This process is running with CompressedOops enabled, and the Java Heap may be blocking the growth of the native heap
# Possible solutions:
#   Reduce memory load on the system
#   Increase physical memory or swap space
#   Check if swap backing store is full
#   Decrease Java heap size (-Xmx/-Xms)
#   Decrease number of Java threads
#   Decrease Java thread stack sizes (-Xss)
#   Set larger code cache with -XX:ReservedCodeCacheSize=
#   JVM is running with Zero Based Compressed Oops mode in which the Java heap is
#     placed in the first 32GB address space. The Java Heap base address is the
#     maximum limit for the native heap growth. Please use -XX:HeapBaseMinAddress
#     to set the Java Heap base and to place the Java Heap above 32GB virtual address.
# This output file may be truncated or incomplete.
#
#  Out of Memory Error (arena.cpp:168), pid=16080, tid=4124
#
# JRE version: OpenJDK Runtime Environment (21.0.5) (build 21.0.5+-12932927-b750.29)
# Java VM: OpenJDK 64-Bit Server VM (21.0.5+-12932927-b750.29, mixed mode, tiered, compressed oops, compressed class ptrs, g1 gc, windows-amd64)
# No core dump will be written. Minidumps are not enabled by default on client versions of Windows
#

---------------  S U M M A R Y ------------

Command Line: git4idea.http.GitAskPassApp Username for 'https://github.com': 

Host: AMD Ryzen 5 7535HS with Radeon Graphics        , 12 cores, 15G,  Windows 11 , 64 bit Build 26100 (10.0.26100.3912)
Time: Mon May 19 00:58:09 2025 SE Asia Standard Time elapsed time: 2.679377 seconds (0d 0h 0m 2s)

---------------  T H R E A D  ---------------

Current thread (0x00000263c940eee0):  JavaThread "C2 CompilerThread2" daemon [_thread_in_native, id=4124, stack(0x00000094db200000,0x00000094db300000) (1024K)]


Current CompileTask:
C2:2679 1108       4       sun.security.ec.ECOperations::setDouble (463 bytes)

Stack: [0x00000094db200000,0x00000094db300000]
Native frames: (J=compiled Java code, j=interpreted, Vv=VM code, C=native code)
V  [jvm.dll+0x6cfb29]
V  [jvm.dll+0x85ded3]
V  [jvm.dll+0x86042e]
V  [jvm.dll+0x860b13]
V  [jvm.dll+0x27e6b6]
V  [jvm.dll+0xbff6d]
V  [jvm.dll+0xc04a3]
V  [jvm.dll+0x3b5fc1]
V  [jvm.dll+0x1de852]
V  [jvm.dll+0x247db4]
V  [jvm.dll+0x247231]
V  [jvm.dll+0x1c5ee4]
V  [jvm.dll+0x25697c]
V  [jvm.dll+0x254ec6]
V  [jvm.dll+0x3f0ce6]
V  [jvm.dll+0x806368]
V  [jvm.dll+0x6ce3fd]
C  [ucrtbase.dll+0x37b0]
C  [KERNEL32.DLL+0x2e8d7]
C  [ntdll.dll+0x9c5dc]


---------------  P R O C E S S  ---------------

Threads class SMR info:
_java_thread_list=0x00000263c93e36d0, length=16, elements={
0x00000263a8240590, 0x00000263c477a5b0, 0x00000263c477b000, 0x00000263c47345f0,
0x00000263c4735650, 0x00000263c4735cb0, 0x00000263c4736700, 0x00000263c47856b0,
0x00000263c4797be0, 0x00000263c493b630, 0x00000263c494dac0, 0x00000263c93a28f0,
0x00000263c93ef390, 0x00000263c93f1e10, 0x00000263c940e840, 0x00000263c940eee0
}

Java Threads: ( => current thread )
  0x00000263a8240590 JavaThread "main"                              [_thread_blocked, id=28296, stack(0x00000094d9b00000,0x00000094d9c00000) (1024K)]
  0x00000263c477a5b0 JavaThread "Reference Handler"          daemon [_thread_blocked, id=36628, stack(0x00000094da300000,0x00000094da400000) (1024K)]
  0x00000263c477b000 JavaThread "Finalizer"                  daemon [_thread_blocked, id=21648, stack(0x00000094da400000,0x00000094da500000) (1024K)]
  0x00000263c47345f0 JavaThread "Signal Dispatcher"          daemon [_thread_blocked, id=15096, stack(0x00000094da500000,0x00000094da600000) (1024K)]
  0x00000263c4735650 JavaThread "Attach Listener"            daemon [_thread_blocked, id=32452, stack(0x00000094da600000,0x00000094da700000) (1024K)]
  0x00000263c4735cb0 JavaThread "Service Thread"             daemon [_thread_blocked, id=33612, stack(0x00000094da700000,0x00000094da800000) (1024K)]
  0x00000263c4736700 JavaThread "Monitor Deflation Thread"   daemon [_thread_blocked, id=21172, stack(0x00000094da800000,0x00000094da900000) (1024K)]
  0x00000263c47856b0 JavaThread "C2 CompilerThread0"         daemon [_thread_blocked, id=19120, stack(0x00000094da900000,0x00000094daa00000) (1024K)]
  0x00000263c4797be0 JavaThread "C1 CompilerThread0"         daemon [_thread_blocked, id=15620, stack(0x00000094daa00000,0x00000094dab00000) (1024K)]
  0x00000263c493b630 JavaThread "Notification Thread"        daemon [_thread_blocked, id=29400, stack(0x00000094dab00000,0x00000094dac00000) (1024K)]
  0x00000263c494dac0 JavaThread "Common-Cleaner"             daemon [_thread_blocked, id=32592, stack(0x00000094dac00000,0x00000094dad00000) (1024K)]
  0x00000263c93a28f0 JavaThread "HttpClient-1-SelectorManager" daemon [_thread_in_native, id=23036, stack(0x00000094dad00000,0x00000094dae00000) (1024K)]
  0x00000263c93ef390 JavaThread "HttpClient-1-Worker-0"      daemon [_thread_blocked, id=26496, stack(0x00000094daf00000,0x00000094db000000) (1024K)]
  0x00000263c93f1e10 JavaThread "HttpClient-1-Worker-1"      daemon [_thread_blocked, id=28856, stack(0x00000094db000000,0x00000094db100000) (1024K)]
  0x00000263c940e840 JavaThread "C2 CompilerThread1"         daemon [_thread_blocked, id=35804, stack(0x00000094db100000,0x00000094db200000) (1024K)]
=>0x00000263c940eee0 JavaThread "C2 CompilerThread2"         daemon [_thread_in_native, id=4124, stack(0x00000094db200000,0x00000094db300000) (1024K)]
Total: 16

Other Threads:
  0x00000263c470cc30 VMThread "VM Thread"                           [id=26816, stack(0x00000094da200000,0x00000094da300000) (1024K)]
  0x00000263c454d270 WatcherThread "VM Periodic Task Thread"        [id=30812, stack(0x00000094da100000,0x00000094da200000) (1024K)]
  0x00000263aa65d340 WorkerThread "GC Thread#0"                     [id=9508, stack(0x00000094d9c00000,0x00000094d9d00000) (1024K)]
  0x00000263aa66ec90 ConcurrentGCThread "G1 Main Marker"            [id=5352, stack(0x00000094d9d00000,0x00000094d9e00000) (1024K)]
  0x00000263aa6710f0 WorkerThread "G1 Conc#0"                       [id=25080, stack(0x00000094d9e00000,0x00000094d9f00000) (1024K)]
  0x00000263c44189f0 ConcurrentGCThread "G1 Refine#0"               [id=24720, stack(0x00000094d9f00000,0x00000094da000000) (1024K)]
  0x00000263c4419210 ConcurrentGCThread "G1 Service"                [id=13332, stack(0x00000094da000000,0x00000094da100000) (1024K)]
Total: 7

Threads with active compile tasks:
C2 CompilerThread2  2700 1108       4       sun.security.ec.ECOperations::setDouble (463 bytes)
Total: 1

VM state: not at safepoint (normal execution)

VM Mutex/Monitor currently owned by a thread: None

Heap address: 0x000000070c000000, size: 3904 MB, Compressed Oops mode: Zero based, Oop shift amount: 3

CDS archive(s) not mapped
Compressed class space mapped at: 0x0000000800000000-0x0000000840000000, reserved size: 1073741824
Narrow klass base: 0x0000000800000000, Narrow klass shift: 0, Narrow klass range: 0x40000000

GC Precious Log:
 CardTable entry size: 512
 Card Set container configuration: InlinePtr #cards 4 size 8 Array Of Cards #cards 16 size 48 Howl #buckets 8 coarsen threshold 3686 Howl Bitmap #cards 512 size 80 coarsen threshold 460 Card regions per heap region 1 cards per card region 4096
 CPUs: 12 total, 12 available
 Memory: 15611M
 Large Page Support: Disabled
 NUMA Support: Disabled
 Compressed Oops: Enabled (Zero based)
 Heap Region Size: 2M
 Heap Min Capacity: 8M
 Heap Initial Capacity: 244M
 Heap Max Capacity: 3904M
 Pre-touch: Disabled
 Parallel Workers: 10
 Concurrent Workers: 3
 Concurrent Refinement Workers: 10
 Periodic GC: Disabled

Heap:
 garbage-first heap   total 249856K, used 14336K [0x000000070c000000, 0x0000000800000000)
  region size 2048K, 8 young (16384K), 0 survivors (0K)
 Metaspace       used 16898K, committed 17152K, reserved 1114112K
  class space    used 1790K, committed 1920K, reserved 1048576K

Heap Regions: E=young(eden), S=young(survivor), O=old, HS=humongous(starts), HC=humongous(continues), CS=collection set, F=free, TAMS=top-at-mark-start, PB=parsable bottom
|   0|0x000000070c000000, 0x000000070c000000, 0x000000070c200000|  0%| F|  |TAMS 0x000000070c000000| PB 0x000000070c000000| Untracked 
|   1|0x000000070c200000, 0x000000070c200000, 0x000000070c400000|  0%| F|  |TAMS 0x000000070c200000| PB 0x000000070c200000| Untracked 
|   2|0x000000070c400000, 0x000000070c400000, 0x000000070c600000|  0%| F|  |TAMS 0x000000070c400000| PB 0x000000070c400000| Untracked 
|   3|0x000000070c600000, 0x000000070c600000, 0x000000070c800000|  0%| F|  |TAMS 0x000000070c600000| PB 0x000000070c600000| Untracked 
|   4|0x000000070c800000, 0x000000070c800000, 0x000000070ca00000|  0%| F|  |TAMS 0x000000070c800000| PB 0x000000070c800000| Untracked 
|   5|0x000000070ca00000, 0x000000070ca00000, 0x000000070cc00000|  0%| F|  |TAMS 0x000000070ca00000| PB 0x000000070ca00000| Untracked 
|   6|0x000000070cc00000, 0x000000070cc00000, 0x000000070ce00000|  0%| F|  |TAMS 0x000000070cc00000| PB 0x000000070cc00000| Untracked 
|   7|0x000000070ce00000, 0x000000070ce00000, 0x000000070d000000|  0%| F|  |TAMS 0x000000070ce00000| PB 0x000000070ce00000| Untracked 
|   8|0x000000070d000000, 0x000000070d000000, 0x000000070d200000|  0%| F|  |TAMS 0x000000070d000000| PB 0x000000070d000000| Untracked 
|   9|0x000000070d200000, 0x000000070d200000, 0x000000070d400000|  0%| F|  |TAMS 0x000000070d200000| PB 0x000000070d200000| Untracked 
|  10|0x000000070d400000, 0x000000070d400000, 0x000000070d600000|  0%| F|  |TAMS 0x000000070d400000| PB 0x000000070d400000| Untracked 
|  11|0x000000070d600000, 0x000000070d600000, 0x000000070d800000|  0%| F|  |TAMS 0x000000070d600000| PB 0x000000070d600000| Untracked 
|  12|0x000000070d800000, 0x000000070d800000, 0x000000070da00000|  0%| F|  |TAMS 0x000000070d800000| PB 0x000000070d800000| Untracked 
|  13|0x000000070da00000, 0x000000070da00000, 0x000000070dc00000|  0%| F|  |TAMS 0x000000070da00000| PB 0x000000070da00000| Untracked 
|  14|0x000000070dc00000, 0x000000070dc00000, 0x000000070de00000|  0%| F|  |TAMS 0x000000070dc00000| PB 0x000000070dc00000| Untracked 
|  15|0x000000070de00000, 0x000000070de00000, 0x000000070e000000|  0%| F|  |TAMS 0x000000070de00000| PB 0x000000070de00000| Untracked 
|  16|0x000000070e000000, 0x000000070e000000, 0x000000070e200000|  0%| F|  |TAMS 0x000000070e000000| PB 0x000000070e000000| Untracked 
|  17|0x000000070e200000, 0x000000070e200000, 0x000000070e400000|  0%| F|  |TAMS 0x000000070e200000| PB 0x000000070e200000| Untracked 
|  18|0x000000070e400000, 0x000000070e400000, 0x000000070e600000|  0%| F|  |TAMS 0x000000070e400000| PB 0x000000070e400000| Untracked 
|  19|0x000000070e600000, 0x000000070e600000, 0x000000070e800000|  0%| F|  |TAMS 0x000000070e600000| PB 0x000000070e600000| Untracked 
|  20|0x000000070e800000, 0x000000070e800000, 0x000000070ea00000|  0%| F|  |TAMS 0x000000070e800000| PB 0x000000070e800000| Untracked 
|  21|0x000000070ea00000, 0x000000070ea00000, 0x000000070ec00000|  0%| F|  |TAMS 0x000000070ea00000| PB 0x000000070ea00000| Untracked 
|  22|0x000000070ec00000, 0x000000070ec00000, 0x000000070ee00000|  0%| F|  |TAMS 0x000000070ec00000| PB 0x000000070ec00000| Untracked 
|  23|0x000000070ee00000, 0x000000070ee00000, 0x000000070f000000|  0%| F|  |TAMS 0x000000070ee00000| PB 0x000000070ee00000| Untracked 
|  24|0x000000070f000000, 0x000000070f000000, 0x000000070f200000|  0%| F|  |TAMS 0x000000070f000000| PB 0x000000070f000000| Untracked 
|  25|0x000000070f200000, 0x000000070f200000, 0x000000070f400000|  0%| F|  |TAMS 0x000000070f200000| PB 0x000000070f200000| Untracked 
|  26|0x000000070f400000, 0x000000070f400000, 0x000000070f600000|  0%| F|  |TAMS 0x000000070f400000| PB 0x000000070f400000| Untracked 
|  27|0x000000070f600000, 0x000000070f600000, 0x000000070f800000|  0%| F|  |TAMS 0x000000070f600000| PB 0x000000070f600000| Untracked 
|  28|0x000000070f800000, 0x000000070f800000, 0x000000070fa00000|  0%| F|  |TAMS 0x000000070f800000| PB 0x000000070f800000| Untracked 
|  29|0x000000070fa00000, 0x000000070fa00000, 0x000000070fc00000|  0%| F|  |TAMS 0x000000070fa00000| PB 0x000000070fa00000| Untracked 
|  30|0x000000070fc00000, 0x000000070fc00000, 0x000000070fe00000|  0%| F|  |TAMS 0x000000070fc00000| PB 0x000000070fc00000| Untracked 
|  31|0x000000070fe00000, 0x000000070fe00000, 0x0000000710000000|  0%| F|  |TAMS 0x000000070fe00000| PB 0x000000070fe00000| Untracked 
|  32|0x0000000710000000, 0x0000000710000000, 0x0000000710200000|  0%| F|  |TAMS 0x0000000710000000| PB 0x0000000710000000| Untracked 
|  33|0x0000000710200000, 0x0000000710200000, 0x0000000710400000|  0%| F|  |TAMS 0x0000000710200000| PB 0x0000000710200000| Untracked 
|  34|0x0000000710400000, 0x0000000710400000, 0x0000000710600000|  0%| F|  |TAMS 0x0000000710400000| PB 0x0000000710400000| Untracked 
|  35|0x0000000710600000, 0x0000000710600000, 0x0000000710800000|  0%| F|  |TAMS 0x0000000710600000| PB 0x0000000710600000| Untracked 
|  36|0x0000000710800000, 0x0000000710800000, 0x0000000710a00000|  0%| F|  |TAMS 0x0000000710800000| PB 0x0000000710800000| Untracked 
|  37|0x0000000710a00000, 0x0000000710a00000, 0x0000000710c00000|  0%| F|  |TAMS 0x0000000710a00000| PB 0x0000000710a00000| Untracked 
|  38|0x0000000710c00000, 0x0000000710c00000, 0x0000000710e00000|  0%| F|  |TAMS 0x0000000710c00000| PB 0x0000000710c00000| Untracked 
|  39|0x0000000710e00000, 0x0000000710e00000, 0x0000000711000000|  0%| F|  |TAMS 0x0000000710e00000| PB 0x0000000710e00000| Untracked 
|  40|0x0000000711000000, 0x0000000711000000, 0x0000000711200000|  0%| F|  |TAMS 0x0000000711000000| PB 0x0000000711000000| Untracked 
|  41|0x0000000711200000, 0x0000000711200000, 0x0000000711400000|  0%| F|  |TAMS 0x0000000711200000| PB 0x0000000711200000| Untracked 
|  42|0x0000000711400000, 0x0000000711400000, 0x0000000711600000|  0%| F|  |TAMS 0x0000000711400000| PB 0x0000000711400000| Untracked 
|  43|0x0000000711600000, 0x0000000711600000, 0x0000000711800000|  0%| F|  |TAMS 0x0000000711600000| PB 0x0000000711600000| Untracked 
|  44|0x0000000711800000, 0x0000000711800000, 0x0000000711a00000|  0%| F|  |TAMS 0x0000000711800000| PB 0x0000000711800000| Untracked 
|  45|0x0000000711a00000, 0x0000000711a00000, 0x0000000711c00000|  0%| F|  |TAMS 0x0000000711a00000| PB 0x0000000711a00000| Untracked 
|  46|0x0000000711c00000, 0x0000000711c00000, 0x0000000711e00000|  0%| F|  |TAMS 0x0000000711c00000| PB 0x0000000711c00000| Untracked 
|  47|0x0000000711e00000, 0x0000000711e00000, 0x0000000712000000|  0%| F|  |TAMS 0x0000000711e00000| PB 0x0000000711e00000| Untracked 
|  48|0x0000000712000000, 0x0000000712000000, 0x0000000712200000|  0%| F|  |TAMS 0x0000000712000000| PB 0x0000000712000000| Untracked 
|  49|0x0000000712200000, 0x0000000712200000, 0x0000000712400000|  0%| F|  |TAMS 0x0000000712200000| PB 0x0000000712200000| Untracked 
|  50|0x0000000712400000, 0x0000000712400000, 0x0000000712600000|  0%| F|  |TAMS 0x0000000712400000| PB 0x0000000712400000| Untracked 
|  51|0x0000000712600000, 0x0000000712600000, 0x0000000712800000|  0%| F|  |TAMS 0x0000000712600000| PB 0x0000000712600000| Untracked 
|  52|0x0000000712800000, 0x0000000712800000, 0x0000000712a00000|  0%| F|  |TAMS 0x0000000712800000| PB 0x0000000712800000| Untracked 
|  53|0x0000000712a00000, 0x0000000712a00000, 0x0000000712c00000|  0%| F|  |TAMS 0x0000000712a00000| PB 0x0000000712a00000| Untracked 
|  54|0x0000000712c00000, 0x0000000712c00000, 0x0000000712e00000|  0%| F|  |TAMS 0x0000000712c00000| PB 0x0000000712c00000| Untracked 
|  55|0x0000000712e00000, 0x0000000712e00000, 0x0000000713000000|  0%| F|  |TAMS 0x0000000712e00000| PB 0x0000000712e00000| Untracked 
|  56|0x0000000713000000, 0x0000000713000000, 0x0000000713200000|  0%| F|  |TAMS 0x0000000713000000| PB 0x0000000713000000| Untracked 
|  57|0x0000000713200000, 0x0000000713200000, 0x0000000713400000|  0%| F|  |TAMS 0x0000000713200000| PB 0x0000000713200000| Untracked 
|  58|0x0000000713400000, 0x0000000713400000, 0x0000000713600000|  0%| F|  |TAMS 0x0000000713400000| PB 0x0000000713400000| Untracked 
|  59|0x0000000713600000, 0x0000000713600000, 0x0000000713800000|  0%| F|  |TAMS 0x0000000713600000| PB 0x0000000713600000| Untracked 
|  60|0x0000000713800000, 0x0000000713800000, 0x0000000713a00000|  0%| F|  |TAMS 0x0000000713800000| PB 0x0000000713800000| Untracked 
|  61|0x0000000713a00000, 0x0000000713a00000, 0x0000000713c00000|  0%| F|  |TAMS 0x0000000713a00000| PB 0x0000000713a00000| Untracked 
|  62|0x0000000713c00000, 0x0000000713c00000, 0x0000000713e00000|  0%| F|  |TAMS 0x0000000713c00000| PB 0x0000000713c00000| Untracked 
|  63|0x0000000713e00000, 0x0000000713e00000, 0x0000000714000000|  0%| F|  |TAMS 0x0000000713e00000| PB 0x0000000713e00000| Untracked 
|  64|0x0000000714000000, 0x0000000714000000, 0x0000000714200000|  0%| F|  |TAMS 0x0000000714000000| PB 0x0000000714000000| Untracked 
|  65|0x0000000714200000, 0x0000000714200000, 0x0000000714400000|  0%| F|  |TAMS 0x0000000714200000| PB 0x0000000714200000| Untracked 
|  66|0x0000000714400000, 0x0000000714400000, 0x0000000714600000|  0%| F|  |TAMS 0x0000000714400000| PB 0x0000000714400000| Untracked 
|  67|0x0000000714600000, 0x0000000714600000, 0x0000000714800000|  0%| F|  |TAMS 0x0000000714600000| PB 0x0000000714600000| Untracked 
|  68|0x0000000714800000, 0x0000000714800000, 0x0000000714a00000|  0%| F|  |TAMS 0x0000000714800000| PB 0x0000000714800000| Untracked 
|  69|0x0000000714a00000, 0x0000000714a00000, 0x0000000714c00000|  0%| F|  |TAMS 0x0000000714a00000| PB 0x0000000714a00000| Untracked 
|  70|0x0000000714c00000, 0x0000000714c00000, 0x0000000714e00000|  0%| F|  |TAMS 0x0000000714c00000| PB 0x0000000714c00000| Untracked 
|  71|0x0000000714e00000, 0x0000000714e00000, 0x0000000715000000|  0%| F|  |TAMS 0x0000000714e00000| PB 0x0000000714e00000| Untracked 
|  72|0x0000000715000000, 0x0000000715000000, 0x0000000715200000|  0%| F|  |TAMS 0x0000000715000000| PB 0x0000000715000000| Untracked 
|  73|0x0000000715200000, 0x0000000715200000, 0x0000000715400000|  0%| F|  |TAMS 0x0000000715200000| PB 0x0000000715200000| Untracked 
|  74|0x0000000715400000, 0x0000000715400000, 0x0000000715600000|  0%| F|  |TAMS 0x0000000715400000| PB 0x0000000715400000| Untracked 
|  75|0x0000000715600000, 0x0000000715600000, 0x0000000715800000|  0%| F|  |TAMS 0x0000000715600000| PB 0x0000000715600000| Untracked 
|  76|0x0000000715800000, 0x0000000715800000, 0x0000000715a00000|  0%| F|  |TAMS 0x0000000715800000| PB 0x0000000715800000| Untracked 
|  77|0x0000000715a00000, 0x0000000715a00000, 0x0000000715c00000|  0%| F|  |TAMS 0x0000000715a00000| PB 0x0000000715a00000| Untracked 
|  78|0x0000000715c00000, 0x0000000715c00000, 0x0000000715e00000|  0%| F|  |TAMS 0x0000000715c00000| PB 0x0000000715c00000| Untracked 
|  79|0x0000000715e00000, 0x0000000715e00000, 0x0000000716000000|  0%| F|  |TAMS 0x0000000715e00000| PB 0x0000000715e00000| Untracked 
|  80|0x0000000716000000, 0x0000000716000000, 0x0000000716200000|  0%| F|  |TAMS 0x0000000716000000| PB 0x0000000716000000| Untracked 
|  81|0x0000000716200000, 0x0000000716200000, 0x0000000716400000|  0%| F|  |TAMS 0x0000000716200000| PB 0x0000000716200000| Untracked 
|  82|0x0000000716400000, 0x0000000716400000, 0x0000000716600000|  0%| F|  |TAMS 0x0000000716400000| PB 0x0000000716400000| Untracked 
|  83|0x0000000716600000, 0x0000000716600000, 0x0000000716800000|  0%| F|  |TAMS 0x0000000716600000| PB 0x0000000716600000| Untracked 
|  84|0x0000000716800000, 0x0000000716800000, 0x0000000716a00000|  0%| F|  |TAMS 0x0000000716800000| PB 0x0000000716800000| Untracked 
|  85|0x0000000716a00000, 0x0000000716a00000, 0x0000000716c00000|  0%| F|  |TAMS 0x0000000716a00000| PB 0x0000000716a00000| Untracked 
|  86|0x0000000716c00000, 0x0000000716c00000, 0x0000000716e00000|  0%| F|  |TAMS 0x0000000716c00000| PB 0x0000000716c00000| Untracked 
|  87|0x0000000716e00000, 0x0000000716e00000, 0x0000000717000000|  0%| F|  |TAMS 0x0000000716e00000| PB 0x0000000716e00000| Untracked 
|  88|0x0000000717000000, 0x0000000717000000, 0x0000000717200000|  0%| F|  |TAMS 0x0000000717000000| PB 0x0000000717000000| Untracked 
|  89|0x0000000717200000, 0x0000000717200000, 0x0000000717400000|  0%| F|  |TAMS 0x0000000717200000| PB 0x0000000717200000| Untracked 
|  90|0x0000000717400000, 0x0000000717400000, 0x0000000717600000|  0%| F|  |TAMS 0x0000000717400000| PB 0x0000000717400000| Untracked 
|  91|0x0000000717600000, 0x0000000717600000, 0x0000000717800000|  0%| F|  |TAMS 0x0000000717600000| PB 0x0000000717600000| Untracked 
|  92|0x0000000717800000, 0x0000000717800000, 0x0000000717a00000|  0%| F|  |TAMS 0x0000000717800000| PB 0x0000000717800000| Untracked 
|  93|0x0000000717a00000, 0x0000000717a00000, 0x0000000717c00000|  0%| F|  |TAMS 0x0000000717a00000| PB 0x0000000717a00000| Untracked 
|  94|0x0000000717c00000, 0x0000000717c00000, 0x0000000717e00000|  0%| F|  |TAMS 0x0000000717c00000| PB 0x0000000717c00000| Untracked 
|  95|0x0000000717e00000, 0x0000000717e00000, 0x0000000718000000|  0%| F|  |TAMS 0x0000000717e00000| PB 0x0000000717e00000| Untracked 
|  96|0x0000000718000000, 0x0000000718000000, 0x0000000718200000|  0%| F|  |TAMS 0x0000000718000000| PB 0x0000000718000000| Untracked 
|  97|0x0000000718200000, 0x0000000718200000, 0x0000000718400000|  0%| F|  |TAMS 0x0000000718200000| PB 0x0000000718200000| Untracked 
|  98|0x0000000718400000, 0x0000000718400000, 0x0000000718600000|  0%| F|  |TAMS 0x0000000718400000| PB 0x0000000718400000| Untracked 
|  99|0x0000000718600000, 0x0000000718600000, 0x0000000718800000|  0%| F|  |TAMS 0x0000000718600000| PB 0x0000000718600000| Untracked 
| 100|0x0000000718800000, 0x0000000718800000, 0x0000000718a00000|  0%| F|  |TAMS 0x0000000718800000| PB 0x0000000718800000| Untracked 
| 101|0x0000000718a00000, 0x0000000718a00000, 0x0000000718c00000|  0%| F|  |TAMS 0x0000000718a00000| PB 0x0000000718a00000| Untracked 
| 102|0x0000000718c00000, 0x0000000718c00000, 0x0000000718e00000|  0%| F|  |TAMS 0x0000000718c00000| PB 0x0000000718c00000| Untracked 
| 103|0x0000000718e00000, 0x0000000718e00000, 0x0000000719000000|  0%| F|  |TAMS 0x0000000718e00000| PB 0x0000000718e00000| Untracked 
| 104|0x0000000719000000, 0x0000000719000000, 0x0000000719200000|  0%| F|  |TAMS 0x0000000719000000| PB 0x0000000719000000| Untracked 
| 105|0x0000000719200000, 0x0000000719200000, 0x0000000719400000|  0%| F|  |TAMS 0x0000000719200000| PB 0x0000000719200000| Untracked 
| 106|0x0000000719400000, 0x0000000719400000, 0x0000000719600000|  0%| F|  |TAMS 0x0000000719400000| PB 0x0000000719400000| Untracked 
| 107|0x0000000719600000, 0x0000000719600000, 0x0000000719800000|  0%| F|  |TAMS 0x0000000719600000| PB 0x0000000719600000| Untracked 
| 108|0x0000000719800000, 0x0000000719800000, 0x0000000719a00000|  0%| F|  |TAMS 0x0000000719800000| PB 0x0000000719800000| Untracked 
| 109|0x0000000719a00000, 0x0000000719a00000, 0x0000000719c00000|  0%| F|  |TAMS 0x0000000719a00000| PB 0x0000000719a00000| Untracked 
| 110|0x0000000719c00000, 0x0000000719c00000, 0x0000000719e00000|  0%| F|  |TAMS 0x0000000719c00000| PB 0x0000000719c00000| Untracked 
| 111|0x0000000719e00000, 0x0000000719e00000, 0x000000071a000000|  0%| F|  |TAMS 0x0000000719e00000| PB 0x0000000719e00000| Untracked 
| 112|0x000000071a000000, 0x000000071a000000, 0x000000071a200000|  0%| F|  |TAMS 0x000000071a000000| PB 0x000000071a000000| Untracked 
| 113|0x000000071a200000, 0x000000071a200000, 0x000000071a400000|  0%| F|  |TAMS 0x000000071a200000| PB 0x000000071a200000| Untracked 
| 114|0x000000071a400000, 0x000000071a600000, 0x000000071a600000|100%| E|  |TAMS 0x000000071a400000| PB 0x000000071a400000| Complete 
| 115|0x000000071a600000, 0x000000071a800000, 0x000000071a800000|100%| E|CS|TAMS 0x000000071a600000| PB 0x000000071a600000| Complete 
| 116|0x000000071a800000, 0x000000071aa00000, 0x000000071aa00000|100%| E|CS|TAMS 0x000000071a800000| PB 0x000000071a800000| Complete 
| 117|0x000000071aa00000, 0x000000071ac00000, 0x000000071ac00000|100%| E|CS|TAMS 0x000000071aa00000| PB 0x000000071aa00000| Complete 
| 118|0x000000071ac00000, 0x000000071ae00000, 0x000000071ae00000|100%| E|CS|TAMS 0x000000071ac00000| PB 0x000000071ac00000| Complete 
| 119|0x000000071ae00000, 0x000000071b000000, 0x000000071b000000|100%| E|CS|TAMS 0x000000071ae00000| PB 0x000000071ae00000| Complete 
| 120|0x000000071b000000, 0x000000071b200000, 0x000000071b200000|100%| E|CS|TAMS 0x000000071b000000| PB 0x000000071b000000| Complete 
| 121|0x000000071b200000, 0x000000071b400000, 0x000000071b400000|100%| E|CS|TAMS 0x000000071b200000| PB 0x000000071b200000| Complete 

Card table byte_map: [0x00000263bd460000,0x00000263bdc00000] _byte_map_base: 0x00000263b9c00000

Marking Bits: (CMBitMap*) 0x00000263aa65d950
 Bits: [0x00000263bdc00000, 0x00000263c1900000)

Polling page: 0x00000263a9cc0000

Metaspace:

Usage:
  Non-class:     14.75 MB used.
      Class:      1.75 MB used.
       Both:     16.50 MB used.

Virtual space:
  Non-class space:       64.00 MB reserved,      14.88 MB ( 23%) committed,  1 nodes.
      Class space:        1.00 GB reserved,       1.88 MB ( <1%) committed,  1 nodes.
             Both:        1.06 GB reserved,      16.75 MB (  2%) committed. 

Chunk freelists:
   Non-Class:  784.00 KB
       Class:  14.17 MB
        Both:  14.93 MB

MaxMetaspaceSize: unlimited
CompressedClassSpaceSize: 1.00 GB
Initial GC threshold: 21.00 MB
Current GC threshold: 21.00 MB
CDS: off
 - commit_granule_bytes: 65536.
 - commit_granule_words: 8192.
 - virtual_space_node_default_size: 8388608.
 - enlarge_chunks_in_place: 1.
 - use_allocation_guard: 0.


Internal statistics:

num_allocs_failed_limit: 0.
num_arena_births: 244.
num_arena_deaths: 0.
num_vsnodes_births: 2.
num_vsnodes_deaths: 0.
num_space_committed: 268.
num_space_uncommitted: 0.
num_chunks_returned_to_freelist: 0.
num_chunks_taken_from_freelist: 443.
num_chunk_merges: 0.
num_chunk_splits: 240.
num_chunks_enlarged: 108.
num_inconsistent_stats: 0.

CodeHeap 'non-profiled nmethods': size=120000Kb used=413Kb max_used=413Kb free=119586Kb
 bounds [0x00000263b5220000, 0x00000263b5490000, 0x00000263bc750000]
CodeHeap 'profiled nmethods': size=120000Kb used=1917Kb max_used=1917Kb free=118082Kb
 bounds [0x00000263ad750000, 0x00000263ad9c0000, 0x00000263b4c80000]
CodeHeap 'non-nmethods': size=5760Kb used=1409Kb max_used=1441Kb free=4350Kb
 bounds [0x00000263b4c80000, 0x00000263b4ef0000, 0x00000263b5220000]
 total_blobs=1715 nmethods=1200 adapters=420
 compilation: enabled
              stopped_count=0, restarted_count=0
 full_count=0

Compilation events (20 events):
Event: 1.643 Thread 0x00000263c4797be0 nmethod 1192 0x00000263ad92a390 code [0x00000263ad92a560, 0x00000263ad92a768]
Event: 1.643 Thread 0x00000263c4797be0 1193       3       java.lang.invoke.MethodHandles$Lookup::linkMethodHandleConstant (223 bytes)
Event: 1.643 Thread 0x00000263c4797be0 nmethod 1193 0x00000263ad92a910 code [0x00000263ad92ad00, 0x00000263ad92c4f8]
Event: 1.644 Thread 0x00000263c940e840 1194       4       jdk.internal.util.StrongReferenceKey::hashCode (8 bytes)
Event: 1.644 Thread 0x00000263c47856b0 nmethod 1189 0x00000263b5285b90 code [0x00000263b5285d40, 0x00000263b5286328]
Event: 1.644 Thread 0x00000263c4797be0 1195       3       java.nio.ByteBuffer::hasArray (20 bytes)
Event: 1.644 Thread 0x00000263c4797be0 nmethod 1195 0x00000263ad92cc90 code [0x00000263ad92ce40, 0x00000263ad92cfd8]
Event: 1.644 Thread 0x00000263c4797be0 1196   !   3       jdk.internal.misc.ScopedMemoryAccess::copyMemory (27 bytes)
Event: 1.644 Thread 0x00000263c4797be0 nmethod 1196 0x00000263ad92d090 code [0x00000263ad92d2a0, 0x00000263ad92d8c0]
Event: 1.644 Thread 0x00000263c4797be0 1198       3       java.util.concurrent.locks.AbstractQueuedSynchronizer::release (19 bytes)
Event: 1.645 Thread 0x00000263c4797be0 nmethod 1198 0x00000263ad92dc90 code [0x00000263ad92dea0, 0x00000263ad92e4c0]
Event: 1.645 Thread 0x00000263c4797be0 1199       3       java.util.concurrent.locks.ReentrantLock::unlock (10 bytes)
Event: 1.645 Thread 0x00000263c4797be0 nmethod 1199 0x00000263ad92e690 code [0x00000263ad92e860, 0x00000263ad92eb40]
Event: 1.645 Thread 0x00000263c4797be0 1197   !   3       jdk.internal.misc.ScopedMemoryAccess::copyMemoryInternal (56 bytes)
Event: 1.645 Thread 0x00000263c4797be0 nmethod 1197 0x00000263ad92ec90 code [0x00000263ad92ee80, 0x00000263ad92f3b8]
Event: 1.645 Thread 0x00000263c4797be0 1200       1       java.util.concurrent.atomic.AtomicInteger::get (5 bytes)
Event: 1.645 Thread 0x00000263c4797be0 nmethod 1200 0x00000263b5286610 code [0x00000263b52867a0, 0x00000263b5286868]
Event: 1.646 Thread 0x00000263c940e840 nmethod 1194 0x00000263b5286910 code [0x00000263b5286b20, 0x00000263b5286f48]
Event: 1.647 Thread 0x00000263c4797be0 1201       1       sun.security.provider.DigestBase::engineGetDigestLength (5 bytes)
Event: 1.647 Thread 0x00000263c4797be0 nmethod 1201 0x00000263b5287290 code [0x00000263b5287420, 0x00000263b52874e8]

GC Heap History (0 events):
No events

Dll operation events (2 events):
Event: 0.007 Loaded shared library C:\Program Files\Android\Android Studio\jbr\bin\java.dll
Event: 0.011 Loaded shared library C:\Program Files\Android\Android Studio\jbr\bin\zip.dll

Deoptimization events (20 events):
Event: 0.576 Thread 0x00000263c93ef390 Uncommon trap: trap_request=0xffffff66 fr.pc=0x00000263b5279074 relative=0x0000000000000314
Event: 0.576 Thread 0x00000263c93ef390 Uncommon trap: reason=speculate_class_check action=maybe_recompile pc=0x00000263b5279074 method=sun.security.util.math.intpoly.IntegerPolynomial.multByInt([JJ)V @ 26 c2
Event: 0.576 Thread 0x00000263c93ef390 DEOPT PACKING pc=0x00000263b5279074 sp=0x00000094daffe050
Event: 0.576 Thread 0x00000263c93ef390 DEOPT UNPACKING pc=0x00000263b4cd46a2 sp=0x00000094daffdfa0 mode 2
Event: 0.576 Thread 0x00000263c93ef390 Uncommon trap: trap_request=0xffffffde fr.pc=0x00000263b5275f28 relative=0x0000000000000268
Event: 0.576 Thread 0x00000263c93ef390 Uncommon trap: reason=class_check action=maybe_recompile pc=0x00000263b5275f28 method=sun.security.util.math.intpoly.IntegerPolynomial.multByInt([JJ)V @ 26 c2
Event: 0.576 Thread 0x00000263c93ef390 DEOPT PACKING pc=0x00000263b5275f28 sp=0x00000094daffdfd0
Event: 0.576 Thread 0x00000263c93ef390 DEOPT UNPACKING pc=0x00000263b4cd46a2 sp=0x00000094daffdfa0 mode 2
Event: 0.576 Thread 0x00000263c93ef390 Uncommon trap: trap_request=0xffffffde fr.pc=0x00000263b5275f28 relative=0x0000000000000268
Event: 0.576 Thread 0x00000263c93ef390 Uncommon trap: reason=class_check action=maybe_recompile pc=0x00000263b5275f28 method=sun.security.util.math.intpoly.IntegerPolynomial.multByInt([JJ)V @ 26 c2
Event: 0.576 Thread 0x00000263c93ef390 DEOPT PACKING pc=0x00000263b5275f28 sp=0x00000094daffdfd0
Event: 0.576 Thread 0x00000263c93ef390 DEOPT UNPACKING pc=0x00000263b4cd46a2 sp=0x00000094daffdfa0 mode 2
Event: 0.576 Thread 0x00000263c93ef390 Uncommon trap: trap_request=0xffffffde fr.pc=0x00000263b5275f28 relative=0x0000000000000268
Event: 0.576 Thread 0x00000263c93ef390 Uncommon trap: reason=class_check action=maybe_recompile pc=0x00000263b5275f28 method=sun.security.util.math.intpoly.IntegerPolynomial.multByInt([JJ)V @ 26 c2
Event: 0.576 Thread 0x00000263c93ef390 DEOPT PACKING pc=0x00000263b5275f28 sp=0x00000094daffdfd0
Event: 0.576 Thread 0x00000263c93ef390 DEOPT UNPACKING pc=0x00000263b4cd46a2 sp=0x00000094daffdfa0 mode 2
Event: 0.576 Thread 0x00000263c93ef390 Uncommon trap: trap_request=0xffffffde fr.pc=0x00000263b5275f28 relative=0x0000000000000268
Event: 0.576 Thread 0x00000263c93ef390 Uncommon trap: reason=class_check action=maybe_recompile pc=0x00000263b5275f28 method=sun.security.util.math.intpoly.IntegerPolynomial.multByInt([JJ)V @ 26 c2
Event: 0.576 Thread 0x00000263c93ef390 DEOPT PACKING pc=0x00000263b5275f28 sp=0x00000094daffdfd0
Event: 0.576 Thread 0x00000263c93ef390 DEOPT UNPACKING pc=0x00000263b4cd46a2 sp=0x00000094daffdfa0 mode 2

Classes loaded (20 events):
Event: 1.626 Loading class jdk/internal/event/TLSHandshakeEvent
Event: 1.626 Loading class jdk/internal/event/TLSHandshakeEvent done
Event: 1.626 Loading class com/sun/crypto/provider/GaloisCounterMode$GCMEncrypt
Event: 1.627 Loading class com/sun/crypto/provider/GaloisCounterMode$GCMEncrypt done
Event: 1.627 Loading class com/sun/crypto/provider/GaloisCounterMode$EncryptOp
Event: 1.627 Loading class com/sun/crypto/provider/GaloisCounterMode$EncryptOp done
Event: 1.627 Loading class sun/security/ssl/CipherSuite$1
Event: 1.627 Loading class sun/security/ssl/CipherSuite$1 done
Event: 1.628 Loading class java/util/concurrent/CompletionException
Event: 1.628 Loading class java/util/concurrent/CompletionException done
Event: 1.640 Loading class java/util/Collections$UnmodifiableMap$UnmodifiableEntrySet
Event: 1.640 Loading class java/util/Collections$UnmodifiableMap$UnmodifiableEntrySet done
Event: 1.640 Loading class java/util/Collections$UnmodifiableMap$UnmodifiableEntrySet$1
Event: 1.640 Loading class java/util/Collections$UnmodifiableMap$UnmodifiableEntrySet$1 done
Event: 1.640 Loading class java/util/Collections$UnmodifiableMap$UnmodifiableEntrySet$UnmodifiableEntry
Event: 1.640 Loading class java/util/Collections$UnmodifiableMap$UnmodifiableEntrySet$UnmodifiableEntry done
Event: 1.646 Loading class sun/security/ssl/NewSessionTicket$T13NewSessionTicketMessage
Event: 1.646 Loading class sun/security/ssl/NewSessionTicket$NewSessionTicketMessage
Event: 1.646 Loading class sun/security/ssl/NewSessionTicket$NewSessionTicketMessage done
Event: 1.646 Loading class sun/security/ssl/NewSessionTicket$T13NewSessionTicketMessage done

Classes unloaded (0 events):
No events

Classes redefined (0 events):
No events

Internal exceptions (20 events):
Event: 0.391 Thread 0x00000263a8240590 Exception <a 'java/lang/NoSuchMethodError'{0x000000071ad07c78}: 'int java.lang.invoke.DirectMethodHandle$Holder.invokeStaticInit(java.lang.Object, long, long)'> (0x000000071ad07c78) 
thrown [s\src\hotspot\share\interpreter\linkResolver.cpp, line 784]
Event: 0.391 Thread 0x00000263a8240590 Exception <a 'java/lang/NoSuchMethodError'{0x000000071ad0e710}: 'int java.lang.invoke.DirectMethodHandle$Holder.invokeStaticInit(java.lang.Object, float, float)'> (0x000000071ad0e710) 
thrown [s\src\hotspot\share\interpreter\linkResolver.cpp, line 784]
Event: 0.391 Thread 0x00000263a8240590 Exception <a 'java/lang/NoSuchMethodError'{0x000000071ad151a0}: 'int java.lang.invoke.DirectMethodHandle$Holder.invokeStaticInit(java.lang.Object, double, double)'> (0x000000071ad151a0) 
thrown [s\src\hotspot\share\interpreter\linkResolver.cpp, line 784]
Event: 0.391 Thread 0x00000263a8240590 Exception <a 'java/lang/NoSuchMethodError'{0x000000071ad19950}: 'int java.lang.invoke.DirectMethodHandle$Holder.invokeStatic(java.lang.Object, long)'> (0x000000071ad19950) 
thrown [s\src\hotspot\share\interpreter\linkResolver.cpp, line 784]
Event: 0.395 Thread 0x00000263a8240590 Exception <a 'java/lang/NoSuchMethodError'{0x000000071ad46730}: 'java.lang.Object java.lang.invoke.DelegatingMethodHandle$Holder.delegate(java.lang.Object, int, java.lang.Object, java.lang.Object)'> (0x000000071ad46730) 
thrown [s\src\hotspot\share\interpreter\linkResolver.cpp, line 784]
Event: 0.396 Thread 0x00000263a8240590 Exception <a 'java/lang/NoSuchMethodError'{0x000000071ad55c98}: 'int java.lang.invoke.Invokers$Holder.linkToTargetMethod(java.lang.Object, java.lang.Object, java.lang.Object)'> (0x000000071ad55c98) 
thrown [s\src\hotspot\share\interpreter\linkResolver.cpp, line 784]
Event: 0.398 Thread 0x00000263a8240590 Exception <a 'java/lang/NoSuchMethodError'{0x000000071ad84cb0}: 'long java.lang.invoke.DirectMethodHandle$Holder.invokeSpecial(java.lang.Object, java.lang.Object)'> (0x000000071ad84cb0) 
thrown [s\src\hotspot\share\interpreter\linkResolver.cpp, line 784]
Event: 0.399 Thread 0x00000263a8240590 Exception <a 'java/lang/NoSuchMethodError'{0x000000071ad8b580}: 'int java.lang.invoke.DirectMethodHandle$Holder.invokeStatic(java.lang.Object, java.lang.Object, java.lang.Object, java.lang.Object)'> (0x000000071ad8b580) 
thrown [s\src\hotspot\share\interpreter\linkResolver.cpp, line 784]
Event: 0.399 Thread 0x00000263a8240590 Exception <a 'java/lang/NoSuchMethodError'{0x000000071ad8e9a0}: 'java.lang.Object java.lang.invoke.Invokers$Holder.invokeExact_MT(java.lang.Object, java.lang.Object, java.lang.Object, java.lang.Object, java.lang.Object, java.lang.Object)'> (0x000000071ad8e9a0) 
thrown [s\src\hotspot\share\interpreter\linkResolver.cpp, line 784]
Event: 0.451 Thread 0x00000263a8240590 Exception <a 'java/lang/NoSuchMethodError'{0x000000071ab184c0}: 'java.lang.Object java.lang.invoke.DirectMethodHandle$Holder.newInvokeSpecial(java.lang.Object, java.lang.Object, java.lang.Object, java.lang.Object, java.lang.Object)'> (0x000000071ab184c0) 
thrown [s\src\hotspot\share\interpreter\linkResolver.cpp, line 784]
Event: 0.470 Thread 0x00000263a8240590 Exception <a 'java/lang/NoSuchMethodError'{0x000000071a8e6cc8}: 'java.lang.Object java.lang.invoke.DirectMethodHandle$Holder.invokeSpecial(java.lang.Object, java.lang.Object, java.lang.Object, java.lang.Object, int)'> (0x000000071a8e6cc8) 
thrown [s\src\hotspot\share\interpreter\linkResolver.cpp, line 784]
Event: 0.470 Thread 0x00000263a8240590 Exception <a 'java/lang/NoSuchMethodError'{0x000000071a8ea630}: 'java.lang.Object java.lang.invoke.Invokers$Holder.linkToTargetMethod(java.lang.Object, java.lang.Object, int, java.lang.Object)'> (0x000000071a8ea630) 
thrown [s\src\hotspot\share\interpreter\linkResolver.cpp, line 784]
Event: 0.474 Thread 0x00000263a8240590 Exception <a 'java/lang/NoSuchMethodError'{0x000000071a915be0}: 'void java.lang.invoke.DirectMethodHandle$Holder.invokeSpecial(java.lang.Object, java.lang.Object, java.lang.Object)'> (0x000000071a915be0) 
thrown [s\src\hotspot\share\interpreter\linkResolver.cpp, line 784]
Event: 0.483 Thread 0x00000263a8240590 Exception <a 'java/lang/NoSuchMethodError'{0x000000071a99b5f8}: 'void java.lang.invoke.DirectMethodHandle$Holder.invokeSpecial(java.lang.Object, java.lang.Object, java.lang.Object, java.lang.Object, java.lang.Object)'> (0x000000071a99b5f8) 
thrown [s\src\hotspot\share\interpreter\linkResolver.cpp, line 784]
Event: 0.483 Thread 0x00000263c93a28f0 Exception <a 'java/lang/NoSuchMethodError'{0x000000071ab714a0}: 'void java.lang.invoke.DirectMethodHandle$Holder.invokeStatic(java.lang.Object, java.lang.Object, int)'> (0x000000071ab714a0) 
thrown [s\src\hotspot\share\interpreter\linkResolver.cpp, line 784]
Event: 0.488 Thread 0x00000263c93a28f0 Exception <a 'java/lang/NoSuchMethodError'{0x000000071abaa750}: 'void java.lang.invoke.DirectMethodHandle$Holder.invokeStatic(java.lang.Object, java.lang.Object)'> (0x000000071abaa750) 
thrown [s\src\hotspot\share\interpreter\linkResolver.cpp, line 784]
Event: 0.489 Thread 0x00000263c93ef390 Exception <a 'java/lang/NoSuchMethodError'{0x000000071a9f4880}: 'void java.lang.invoke.DirectMethodHandle$Holder.invokeInterface(java.lang.Object, java.lang.Object, java.lang.Object)'> (0x000000071a9f4880) 
thrown [s\src\hotspot\share\interpreter\linkResolver.cpp, line 784]
Event: 0.493 Thread 0x00000263c93ef390 Exception <a 'java/lang/NoSuchMethodError'{0x000000071a63ac98}: 'void java.lang.invoke.DirectMethodHandle$Holder.invokeVirtual(java.lang.Object, java.lang.Object)'> (0x000000071a63ac98) 
thrown [s\src\hotspot\share\interpreter\linkResolver.cpp, line 784]
Event: 0.565 Thread 0x00000263c93ef390 Exception <a 'java/lang/NoSuchMethodError'{0x000000071a43d348}: 'void java.lang.invoke.DirectMethodHandle$Holder.invokeInterface(java.lang.Object, java.lang.Object)'> (0x000000071a43d348) 
thrown [s\src\hotspot\share\interpreter\linkResolver.cpp, line 784]
Event: 1.627 Thread 0x00000263c93ef390 Exception <a 'java/lang/NoSuchMethodError'{0x000000071a4afb68}: 'void java.lang.invoke.DirectMethodHandle$Holder.invokeStatic(java.lang.Object, java.lang.Object, java.lang.Object, java.lang.Object)'> (0x000000071a4afb68) 
thrown [s\src\hotspot\share\interpreter\linkResolver.cpp, line 784]

ZGC Phase Switch (0 events):
No events

VM Operations (14 events):
Event: 0.081 Executing VM operation: HandshakeAllThreads (Deoptimize)
Event: 0.081 Executing VM operation: HandshakeAllThreads (Deoptimize) done
Event: 0.088 Executing VM operation: HandshakeAllThreads (Deoptimize)
Event: 0.088 Executing VM operation: HandshakeAllThreads (Deoptimize) done
Event: 0.214 Executing VM operation: HandshakeAllThreads (Deoptimize)
Event: 0.214 Executing VM operation: HandshakeAllThreads (Deoptimize) done
Event: 0.485 Executing VM operation: HandshakeAllThreads (Deoptimize)
Event: 0.485 Executing VM operation: HandshakeAllThreads (Deoptimize) done
Event: 0.572 Executing VM operation: ICBufferFull
Event: 0.572 Executing VM operation: ICBufferFull done
Event: 1.586 Executing VM operation: Cleanup
Event: 1.617 Executing VM operation: Cleanup done
Event: 2.631 Executing VM operation: Cleanup
Event: 2.631 Executing VM operation: Cleanup done

Memory protections (0 events):
No events

Nmethod flushes (0 events):
No events

Events (20 events):
Event: 0.040 Thread 0x00000263a8240590 Thread added: 0x00000263c477a5b0
Event: 0.040 Thread 0x00000263a8240590 Thread added: 0x00000263c477b000
Event: 0.041 Thread 0x00000263a8240590 Thread added: 0x00000263c47345f0
Event: 0.041 Thread 0x00000263a8240590 Thread added: 0x00000263c4735650
Event: 0.041 Thread 0x00000263a8240590 Thread added: 0x00000263c4735cb0
Event: 0.041 Thread 0x00000263a8240590 Thread added: 0x00000263c4736700
Event: 0.041 Thread 0x00000263a8240590 Thread added: 0x00000263c47856b0
Event: 0.041 Thread 0x00000263a8240590 Thread added: 0x00000263c4797be0
Event: 0.062 Thread 0x00000263a8240590 Thread added: 0x00000263c493b630
Event: 0.066 Thread 0x00000263a8240590 Thread added: 0x00000263c494dac0
Event: 0.072 Loaded shared library C:\Program Files\Android\Android Studio\jbr\bin\net.dll
Event: 0.073 Loaded shared library C:\Program Files\Android\Android Studio\jbr\bin\nio.dll
Event: 0.078 Loaded shared library C:\Program Files\Android\Android Studio\jbr\bin\zip.dll
Event: 0.130 Loaded shared library C:\Program Files\Android\Android Studio\jbr\bin\jimage.dll
Event: 0.444 Loaded shared library C:\Program Files\Android\Android Studio\jbr\bin\extnet.dll
Event: 0.447 Thread 0x00000263a8240590 Thread added: 0x00000263c93a28f0
Event: 0.488 Thread 0x00000263c93a28f0 Thread added: 0x00000263c93ef390
Event: 0.497 Thread 0x00000263c93a28f0 Thread added: 0x00000263c93f1e10
Event: 0.522 Thread 0x00000263c47856b0 Thread added: 0x00000263c940e840
Event: 0.524 Thread 0x00000263c4797be0 Thread added: 0x00000263c940eee0


Dynamic libraries:
0x00007ff6b29b0000 - 0x00007ff6b29ba000 	C:\Program Files\Android\Android Studio\jbr\bin\java.exe
0x00007ff977fc0000 - 0x00007ff978226000 	C:\WINDOWS\SYSTEM32\ntdll.dll
0x00007ff977640000 - 0x00007ff977709000 	C:\WINDOWS\System32\KERNEL32.DLL
0x00007ff9751f0000 - 0x00007ff9755bc000 	C:\WINDOWS\System32\KERNELBASE.dll
0x00007ff975670000 - 0x00007ff9757bb000 	C:\WINDOWS\System32\ucrtbase.dll
0x00007ff93a2f0000 - 0x00007ff93a308000 	C:\Program Files\Android\Android Studio\jbr\bin\jli.dll
0x00007ff961d30000 - 0x00007ff961d4b000 	C:\Program Files\Android\Android Studio\jbr\bin\VCRUNTIME140.dll
0x00007ff977380000 - 0x00007ff97754a000 	C:\WINDOWS\System32\USER32.dll
0x00007ff975910000 - 0x00007ff975937000 	C:\WINDOWS\System32\win32u.dll
0x00007ff95e670000 - 0x00007ff95e90a000 	C:\WINDOWS\WinSxS\amd64_microsoft.windows.common-controls_6595b64144ccf1df_6.0.26100.3912_none_3e07963ce335137e\COMCTL32.dll
0x00007ff977250000 - 0x00007ff97727b000 	C:\WINDOWS\System32\GDI32.dll
0x00007ff977740000 - 0x00007ff9777e9000 	C:\WINDOWS\System32\msvcrt.dll
0x00007ff975ac0000 - 0x00007ff975bf2000 	C:\WINDOWS\System32\gdi32full.dll
0x00007ff9755c0000 - 0x00007ff975663000 	C:\WINDOWS\System32\msvcp_win.dll
0x00007ff977210000 - 0x00007ff977240000 	C:\WINDOWS\System32\IMM32.DLL
0x00007ff96ce90000 - 0x00007ff96ce9c000 	C:\Program Files\Android\Android Studio\jbr\bin\vcruntime140_1.dll
0x00007ff903270000 - 0x00007ff9032fd000 	C:\Program Files\Android\Android Studio\jbr\bin\msvcp140.dll
0x00007ff8c55f0000 - 0x00007ff8c627a000 	C:\Program Files\Android\Android Studio\jbr\bin\server\jvm.dll
0x00007ff976210000 - 0x00007ff9762c2000 	C:\WINDOWS\System32\ADVAPI32.dll
0x00007ff976a30000 - 0x00007ff976ad6000 	C:\WINDOWS\System32\sechost.dll
0x00007ff9779a0000 - 0x00007ff977ab6000 	C:\WINDOWS\System32\RPCRT4.dll
0x00007ff977c30000 - 0x00007ff977ca4000 	C:\WINDOWS\System32\WS2_32.dll
0x00007ff9665f0000 - 0x00007ff966626000 	C:\WINDOWS\SYSTEM32\WINMM.dll
0x00007ff974fc0000 - 0x00007ff97501e000 	C:\WINDOWS\SYSTEM32\POWRPROF.dll
0x00007ff96bd70000 - 0x00007ff96bd7b000 	C:\WINDOWS\SYSTEM32\VERSION.dll
0x00007ff974fa0000 - 0x00007ff974fb4000 	C:\WINDOWS\SYSTEM32\UMPDC.dll
0x00007ff973ef0000 - 0x00007ff973f0a000 	C:\WINDOWS\SYSTEM32\kernel.appcore.dll
0x00007ff961a30000 - 0x00007ff961a3a000 	C:\Program Files\Android\Android Studio\jbr\bin\jimage.dll
0x00007ff972ab0000 - 0x00007ff972cf1000 	C:\WINDOWS\SYSTEM32\DBGHELP.DLL
0x00007ff976630000 - 0x00007ff9769b4000 	C:\WINDOWS\System32\combase.dll
0x00007ff977550000 - 0x00007ff977630000 	C:\WINDOWS\System32\OLEAUT32.dll
0x00007ff95e630000 - 0x00007ff95e669000 	C:\WINDOWS\SYSTEM32\dbgcore.DLL
0x00007ff975150000 - 0x00007ff9751e9000 	C:\WINDOWS\System32\bcryptPrimitives.dll
0x00007ff960b70000 - 0x00007ff960b90000 	C:\Program Files\Android\Android Studio\jbr\bin\java.dll
0x00007ff9607e0000 - 0x00007ff9607f8000 	C:\Program Files\Android\Android Studio\jbr\bin\zip.dll
0x00007ff976ae0000 - 0x00007ff97720d000 	C:\WINDOWS\System32\SHELL32.dll
0x00007ff975940000 - 0x00007ff975ab4000 	C:\WINDOWS\System32\wintypes.dll
0x00007ff972d80000 - 0x00007ff9735d6000 	C:\WINDOWS\SYSTEM32\windows.storage.dll
0x00007ff9762d0000 - 0x00007ff9763bf000 	C:\WINDOWS\System32\SHCORE.dll
0x00007ff9763e0000 - 0x00007ff976449000 	C:\WINDOWS\System32\shlwapi.dll
0x00007ff975060000 - 0x00007ff97508f000 	C:\WINDOWS\SYSTEM32\profapi.dll
0x00007ff9602d0000 - 0x00007ff9602e0000 	C:\Program Files\Android\Android Studio\jbr\bin\net.dll
0x00007ff96e8c0000 - 0x00007ff96e9de000 	C:\WINDOWS\SYSTEM32\WINHTTP.dll
0x00007ff974480000 - 0x00007ff9744ea000 	C:\WINDOWS\system32\mswsock.dll
0x00007ff958920000 - 0x00007ff958936000 	C:\Program Files\Android\Android Studio\jbr\bin\nio.dll
0x00007ff974720000 - 0x00007ff97473c000 	C:\WINDOWS\SYSTEM32\CRYPTSP.dll
0x00007ff973e40000 - 0x00007ff973e7a000 	C:\WINDOWS\system32\rsaenh.dll
0x00007ff974520000 - 0x00007ff97454b000 	C:\WINDOWS\SYSTEM32\USERENV.dll
0x00007ff975030000 - 0x00007ff975056000 	C:\WINDOWS\SYSTEM32\bcrypt.dll
0x00007ff974740000 - 0x00007ff97474c000 	C:\WINDOWS\SYSTEM32\CRYPTBASE.dll
0x00007ff973900000 - 0x00007ff973933000 	C:\WINDOWS\SYSTEM32\IPHLPAPI.DLL
0x00007ff977e30000 - 0x00007ff977e3a000 	C:\WINDOWS\System32\NSI.dll
0x00007ff938270000 - 0x00007ff938278000 	C:\WINDOWS\system32\wshunix.dll
0x00007ff958910000 - 0x00007ff958919000 	C:\Program Files\Android\Android Studio\jbr\bin\extnet.dll

dbghelp: loaded successfully - version: 4.0.5 - missing functions: none
symbol engine: initialized successfully - sym options: 0x614 - pdb path: .;C:\Program Files\Android\Android Studio\jbr\bin;C:\WINDOWS\SYSTEM32;C:\WINDOWS\WinSxS\amd64_microsoft.windows.common-controls_6595b64144ccf1df_6.0.26100.3912_none_3e07963ce335137e;C:\Program Files\Android\Android Studio\jbr\bin\server

VM Arguments:
java_command: git4idea.http.GitAskPassApp Username for 'https://github.com': 
java_class_path (initial): C:/Program Files/Android/Android Studio/plugins/vcs-git/lib/git4idea-rt.jar;C:/Program Files/Android/Android Studio/lib/externalProcess-rt.jar
Launcher Type: SUN_STANDARD

[Global flags]
     intx CICompilerCount                          = 4                                         {product} {ergonomic}
     uint ConcGCThreads                            = 3                                         {product} {ergonomic}
     uint G1ConcRefinementThreads                  = 10                                        {product} {ergonomic}
   size_t G1HeapRegionSize                         = 2097152                                   {product} {ergonomic}
    uintx GCDrainStackTargetSize                   = 64                                        {product} {ergonomic}
   size_t InitialHeapSize                          = 255852544                                 {product} {ergonomic}
   size_t MarkStackSize                            = 4194304                                   {product} {ergonomic}
   size_t MaxHeapSize                              = 4093640704                                {product} {ergonomic}
   size_t MaxNewSize                               = 2455764992                                {product} {ergonomic}
   size_t MinHeapDeltaBytes                        = 2097152                                   {product} {ergonomic}
   size_t MinHeapSize                              = 8388608                                   {product} {ergonomic}
    uintx NonNMethodCodeHeapSize                   = 5839372                                {pd product} {ergonomic}
    uintx NonProfiledCodeHeapSize                  = 122909434                              {pd product} {ergonomic}
    uintx ProfiledCodeHeapSize                     = 122909434                              {pd product} {ergonomic}
    uintx ReservedCodeCacheSize                    = 251658240                              {pd product} {ergonomic}
     bool SegmentedCodeCache                       = true                                      {product} {ergonomic}
   size_t SoftMaxHeapSize                          = 4093640704                             {manageable} {ergonomic}
     bool UseCompressedOops                        = true                           {product lp64_product} {ergonomic}
     bool UseG1GC                                  = true                                      {product} {ergonomic}
     bool UseLargePagesIndividualAllocation        = false                                  {pd product} {ergonomic}

Logging:
Log output configuration:
 #0: stdout all=warning uptime,level,tags foldmultilines=false
 #1: stderr all=off uptime,level,tags foldmultilines=false

Environment Variables:
PATH=C:\Program Files\Git\mingw64\libexec\git-core;C:\Program Files\Git\mingw64\libexec\git-core;C:\Program Files\Git\mingw64\bin;C:\Program Files\Git\usr\bin;C:\Users\BRENDA CALISTA\bin;C:\Program Files\Common Files\Oracle\Java\javapath;C:\Windows\system32;C:\Windows;C:\Windows\System32\Wbem;C:\Windows\System32\WindowsPowerShell\v1.0;C:\Windows\System32\OpenSSH;C:\Program Files (x86)\NVIDIA Corporation\PhysX\Common;C:\Program Files\NVIDIA Corporation\NVIDIA NvDLISR;C:\Program Files\Microsoft SQL Server\Client SDK\ODBC\170\Tools\Binn;C:\Program Files (x86)\Microsoft SQL Server\150\Tools\Binn;C:\Program Files\Microsoft SQL Server\150\Tools\Binn;C:\Program Files\Microsoft SQL Server\150\DTS\Binn;D:\ExtraPrograms\anaconda3;C:\Program Files\Git\cmd;C:\WINDOWS\system32;C:\WINDOWS;C:\WINDOWS\System32\Wbem;C:\WINDOWS\System32\WindowsPowerShell\v1.0;C:\WINDOWS\System32\OpenSSH;C:\Users\BRENDA CALISTA\AppData\Local\Android\Sdk\platform-tools;D:\ExtraPrograms\Go\bin;D:\ExtraPrograms\Node;C:\Users\BRENDA CALISTA\go\bin\air.exe;C:\Program Files\Docker\Docker\resources\bin;D:\SLC\4.TPA\Web\protoc-25.7-win64\bin;D:\ExtraPrograms\grpcurl;D:\ExtraPrograms\anaconda3\Scripts;D:\ExtraPrograms\anaconda3\Library\bin;D:\ExtraPrograms\cursor\resources\app\bin;C:\Users\BRENDA CALISTA\.cargo\bin;C:\Users\BRENDA CALISTA\AppData\Local\Microsoft\WindowsApps;C:\Program Files\Azure Data Studio\bin;C:\Users\BRENDA CALISTA\AppData\Local\Programs\Microsoft VS Code\bin;C:\Program Files\Composer;C:\xampp\php;C:\Users\BRENDA CALISTA\AppData\Local\Android\Sdk\platform-tools;C:\Users\BRENDA CALISTA\go\bin;C:\Users\BRENDA CALISTA\AppData\Roaming\npm;D:\SLC\4.TPA\Web\protoc-25.7-win64\bin;D:\ExtraPrograms\anaconda3;D:\ExtraPrograms\cursor\resources\app\bin
USERNAME=BRENDA CALISTA
DISPLAY=:0.0
LC_ALL=en_US.UTF-8
TERM=xterm-256color
TMPDIR=C:\Users\BRENDA~1\AppData\Local\Temp
OS=Windows_NT
PROCESSOR_IDENTIFIER=AMD64 Family 25 Model 68 Stepping 1, AuthenticAMD
TMP=C:\Users\BRENDA~1\AppData\Local\Temp
TEMP=C:\Users\BRENDA~1\AppData\Local\Temp




Periodic native trim disabled

JNI global refs:
JNI global refs: 20, weak refs: 0

JNI global refs memory usage: 835, weak refs: 201

Process memory usage:
Resident Set Size: 90256K (0% of 15985756K total physical memory with 803852K free physical memory)

OOME stack traces (most recent first):
Classloader memory used:
Loader bootstrap                                                                       : 15100K
Loader jdk.internal.loader.ClassLoaders$PlatformClassLoader                            : 1781K
Loader jdk.internal.loader.ClassLoaders$AppClassLoader                                 : 16448B

---------------  S Y S T E M  ---------------

OS:
 Windows 11 , 64 bit Build 26100 (10.0.26100.3912)
OS uptime: 3 days 14:51 hours
Hyper-V role detected

CPU: total 12 (initial active 12) (12 cores per cpu, 2 threads per core) family 25 model 68 stepping 1 microcode 0xa404107, cx8, cmov, fxsr, ht, mmx, 3dnowpref, sse, sse2, sse3, ssse3, sse4a, sse4.1, sse4.2, popcnt, lzcnt, tsc, tscinvbit, avx, avx2, aes, erms, clmul, bmi1, bmi2, adx, sha, fma, vzeroupper, clflush, clflushopt, hv, rdtscp, rdpid, fsrm, f16c, cet_ss
Processor Information for all 12 processors :
  Max Mhz: 3301, Current Mhz: 3301, Mhz Limit: 3301

Memory: 4k page, system-wide physical 15611M (785M free)
TotalPageFile size 40651M (AvailPageFile size 4M)
current process WorkingSet (physical memory assigned to process): 88M, peak: 88M
current process commit charge ("private bytes"): 358M, peak: 361M

vm_info: OpenJDK 64-Bit Server VM (21.0.5+-12932927-b750.29) for windows-amd64 JRE (21.0.5+-12932927-b750.29), built on 2025-01-17T02:01:10Z by "builder" with MS VC++ 16.10 / 16.11 (VS2019)

END.
