#
# There is insufficient memory for the Java Runtime Environment to continue.
# Native memory allocation (mmap) failed to map 255852544 bytes. Error detail: G1 virtual space
# Possible reasons:
#   The system is out of physical RAM or swap space
#   This process is running with CompressedOops enabled, and the Java Heap may be blocking the growth of the native heap
# Possible solutions:
#   Reduce memory load on the system
#   Increase physical memory or swap space
#   Check if swap backing store is full
#   Decrease Java heap size (-Xmx/-Xms)
#   Decrease number of Java threads
#   Decrease Java thread stack sizes (-Xss)
#   Set larger code cache with -XX:ReservedCodeCacheSize=
#   JVM is running with Zero Based Compressed Oops mode in which the Java heap is
#     placed in the first 32GB address space. The Java Heap base address is the
#     maximum limit for the native heap growth. Please use -XX:HeapBaseMinAddress
#     to set the Java Heap base and to place the Java Heap above 32GB virtual address.
# This output file may be truncated or incomplete.
#
#  Out of Memory Error (os_windows.cpp:3828), pid=34380, tid=12640
#
# JRE version:  (21.0.5) (build )
# Java VM: OpenJDK 64-Bit Server VM (21.0.5+-12932927-b750.29, mixed mode, sharing, tiered, compressed oops, compressed class ptrs, g1 gc, windows-amd64)
# No core dump will be written. Minidumps are not enabled by default on client versions of Windows
#

---------------  S U M M A R Y ------------

Command Line: git4idea.http.GitAskPassApp Username for 'https://github.com': 

Host: AMD Ryzen 5 7535HS with Radeon Graphics        , 12 cores, 15G,  Windows 11 , 64 bit Build 26100 (10.0.26100.3912)
Time: Mon May 19 02:18:08 2025 SE Asia Standard Time elapsed time: 1.158642 seconds (0d 0h 0m 1s)

---------------  T H R E A D  ---------------

Current thread (0x0000021225aff7d0):  JavaThread "Unknown thread" [_thread_in_vm, id=12640, stack(0x000000e197400000,0x000000e197500000) (1024K)]

Stack: [0x000000e197400000,0x000000e197500000]
Native frames: (J=compiled Java code, j=interpreted, Vv=VM code, C=native code)
V  [jvm.dll+0x6cfb29]
V  [jvm.dll+0x85ded3]
V  [jvm.dll+0x86042e]
V  [jvm.dll+0x860b13]
V  [jvm.dll+0x27e6b6]
V  [jvm.dll+0x6cc385]
V  [jvm.dll+0x6c078a]
V  [jvm.dll+0x35525b]
V  [jvm.dll+0x35ceb6]
V  [jvm.dll+0x3aedd6]
V  [jvm.dll+0x3af0a8]
V  [jvm.dll+0x32792c]
V  [jvm.dll+0x32861b]
V  [jvm.dll+0x825919]
V  [jvm.dll+0x3bbfa8]
V  [jvm.dll+0x80ec88]
V  [jvm.dll+0x45015e]
V  [jvm.dll+0x4518c1]
C  [jli.dll+0x52ab]
C  [ucrtbase.dll+0x37b0]
C  [KERNEL32.DLL+0x2e8d7]
C  [ntdll.dll+0x9c5dc]


---------------  P R O C E S S  ---------------

Threads class SMR info:
_java_thread_list=0x00007ff8c6130808, length=0, elements={
}

Java Threads: ( => current thread )
Total: 0

Other Threads:
  0x0000021225b5d850 WorkerThread "GC Thread#0"                     [id=2368, stack(0x000000e197500000,0x000000e197600000) (1024K)]
  0x0000021225b8c180 ConcurrentGCThread "G1 Main Marker"            [id=13124, stack(0x000000e197600000,0x000000e197700000) (1024K)]
  0x0000021225b8eb90 WorkerThread "G1 Conc#0"                       [id=13796, stack(0x000000e197700000,0x000000e197800000) (1024K)]

[error occurred during error reporting (printing all threads), id 0xc0000005, EXCEPTION_ACCESS_VIOLATION (0xc0000005) at pc=0x00007ff8c592a967]
VM state: not at safepoint (not fully initialized)

VM Mutex/Monitor currently owned by a thread:  ([mutex/lock_event])
[0x00007ff8c619d460] Heap_lock - owner thread: 0x0000021225aff7d0

Heap address: 0x000000070c000000, size: 3904 MB, Compressed Oops mode: Zero based, Oop shift amount: 3

CDS archive(s) mapped at: [0x0000000000000000-0x0000000000000000-0x0000000000000000), size 0, SharedBaseAddress: 0x0000000800000000, ArchiveRelocationMode: 1.
Narrow klass base: 0x0000000000000000, Narrow klass shift: 0, Narrow klass range: 0x0

GC Precious Log:
 CardTable entry size: 512
 Card Set container configuration: InlinePtr #cards 4 size 8 Array Of Cards #cards 16 size 48 Howl #buckets 8 coarsen threshold 3686 Howl Bitmap #cards 512 size 80 coarsen threshold 460 Card regions per heap region 1 cards per card region 4096

Heap:
 garbage-first heap   total 0K, used 0K [0x000000070c000000, 0x0000000800000000)
  region size 2048K, 0 young (0K), 0 survivors (0K)
 Metaspace       used 0K, committed 0K, reserved 0K
  class space    used 0K, committed 0K, reserved 0K

Heap Regions: E=young(eden), S=young(survivor), O=old, HS=humongous(starts), HC=humongous(continues), CS=collection set, F=free, TAMS=top-at-mark-start, PB=parsable bottom

Card table byte_map: [0x00000212390a0000,0x0000021239840000] _byte_map_base: 0x0000021235840000

Marking Bits: (CMBitMap*) 0x0000021225b5ef60
 Bits: [0x0000021239840000, 0x000002123d540000)

GC Heap History (0 events):
No events

Dll operation events (1 events):
Event: 0.007 Loaded shared library C:\Program Files\Android\Android Studio\jbr\bin\java.dll

Deoptimization events (0 events):
No events

Classes loaded (0 events):
No events

Classes unloaded (0 events):
No events

Classes redefined (0 events):
No events

Internal exceptions (0 events):
No events

ZGC Phase Switch (0 events):
No events

VM Operations (0 events):
No events

Memory protections (0 events):
No events

Nmethod flushes (0 events):
No events

Events (0 events):
No events


Dynamic libraries:
0x00007ff6b29b0000 - 0x00007ff6b29ba000 	C:\Program Files\Android\Android Studio\jbr\bin\java.exe
0x00007ff977fc0000 - 0x00007ff978226000 	C:\WINDOWS\SYSTEM32\ntdll.dll
0x00007ff977640000 - 0x00007ff977709000 	C:\WINDOWS\System32\KERNEL32.DLL
0x00007ff9751f0000 - 0x00007ff9755bc000 	C:\WINDOWS\System32\KERNELBASE.dll
0x00007ff975670000 - 0x00007ff9757bb000 	C:\WINDOWS\System32\ucrtbase.dll
0x00007ff93a2f0000 - 0x00007ff93a308000 	C:\Program Files\Android\Android Studio\jbr\bin\jli.dll
0x00007ff961d30000 - 0x00007ff961d4b000 	C:\Program Files\Android\Android Studio\jbr\bin\VCRUNTIME140.dll
0x00007ff977380000 - 0x00007ff97754a000 	C:\WINDOWS\System32\USER32.dll
0x00007ff95e670000 - 0x00007ff95e90a000 	C:\WINDOWS\WinSxS\amd64_microsoft.windows.common-controls_6595b64144ccf1df_6.0.26100.3912_none_3e07963ce335137e\COMCTL32.dll
0x00007ff975910000 - 0x00007ff975937000 	C:\WINDOWS\System32\win32u.dll
0x00007ff977250000 - 0x00007ff97727b000 	C:\WINDOWS\System32\GDI32.dll
0x00007ff977740000 - 0x00007ff9777e9000 	C:\WINDOWS\System32\msvcrt.dll
0x00007ff975ac0000 - 0x00007ff975bf2000 	C:\WINDOWS\System32\gdi32full.dll
0x00007ff9755c0000 - 0x00007ff975663000 	C:\WINDOWS\System32\msvcp_win.dll
0x00007ff977210000 - 0x00007ff977240000 	C:\WINDOWS\System32\IMM32.DLL
0x00007ff96ce90000 - 0x00007ff96ce9c000 	C:\Program Files\Android\Android Studio\jbr\bin\vcruntime140_1.dll
0x00007ff903270000 - 0x00007ff9032fd000 	C:\Program Files\Android\Android Studio\jbr\bin\msvcp140.dll
0x00007ff8c55f0000 - 0x00007ff8c627a000 	C:\Program Files\Android\Android Studio\jbr\bin\server\jvm.dll
0x00007ff976210000 - 0x00007ff9762c2000 	C:\WINDOWS\System32\ADVAPI32.dll
0x00007ff976a30000 - 0x00007ff976ad6000 	C:\WINDOWS\System32\sechost.dll
0x00007ff9779a0000 - 0x00007ff977ab6000 	C:\WINDOWS\System32\RPCRT4.dll
0x00007ff977c30000 - 0x00007ff977ca4000 	C:\WINDOWS\System32\WS2_32.dll
0x00007ff974fc0000 - 0x00007ff97501e000 	C:\WINDOWS\SYSTEM32\POWRPROF.dll
0x00007ff9665f0000 - 0x00007ff966626000 	C:\WINDOWS\SYSTEM32\WINMM.dll
0x00007ff96bd70000 - 0x00007ff96bd7b000 	C:\WINDOWS\SYSTEM32\VERSION.dll
0x00007ff974fa0000 - 0x00007ff974fb4000 	C:\WINDOWS\SYSTEM32\UMPDC.dll
0x00007ff973ef0000 - 0x00007ff973f0a000 	C:\WINDOWS\SYSTEM32\kernel.appcore.dll
0x00007ff961a30000 - 0x00007ff961a3a000 	C:\Program Files\Android\Android Studio\jbr\bin\jimage.dll
0x00007ff972ab0000 - 0x00007ff972cf1000 	C:\WINDOWS\SYSTEM32\DBGHELP.DLL
0x00007ff976630000 - 0x00007ff9769b4000 	C:\WINDOWS\System32\combase.dll
0x00007ff977550000 - 0x00007ff977630000 	C:\WINDOWS\System32\OLEAUT32.dll
0x00007ff95e630000 - 0x00007ff95e669000 	C:\WINDOWS\SYSTEM32\dbgcore.DLL
0x00007ff975150000 - 0x00007ff9751e9000 	C:\WINDOWS\System32\bcryptPrimitives.dll
0x00007ff960b70000 - 0x00007ff960b90000 	C:\Program Files\Android\Android Studio\jbr\bin\java.dll

dbghelp: loaded successfully - version: 4.0.5 - missing functions: none
symbol engine: initialized successfully - sym options: 0x614 - pdb path: .;C:\Program Files\Android\Android Studio\jbr\bin;C:\WINDOWS\SYSTEM32;C:\WINDOWS\WinSxS\amd64_microsoft.windows.common-controls_6595b64144ccf1df_6.0.26100.3912_none_3e07963ce335137e;C:\Program Files\Android\Android Studio\jbr\bin\server

VM Arguments:
java_command: git4idea.http.GitAskPassApp Username for 'https://github.com': 
java_class_path (initial): C:/Program Files/Android/Android Studio/plugins/vcs-git/lib/git4idea-rt.jar;C:/Program Files/Android/Android Studio/lib/externalProcess-rt.jar
Launcher Type: SUN_STANDARD

[Global flags]
     intx CICompilerCount                          = 4                                         {product} {ergonomic}
     uint ConcGCThreads                            = 3                                         {product} {ergonomic}
     uint G1ConcRefinementThreads                  = 10                                        {product} {ergonomic}
   size_t G1HeapRegionSize                         = 2097152                                   {product} {ergonomic}
    uintx GCDrainStackTargetSize                   = 64                                        {product} {ergonomic}
   size_t InitialHeapSize                          = 255852544                                 {product} {ergonomic}
   size_t MarkStackSize                            = 4194304                                   {product} {ergonomic}
   size_t MaxHeapSize                              = 4093640704                                {product} {ergonomic}
   size_t MinHeapDeltaBytes                        = 2097152                                   {product} {ergonomic}
   size_t MinHeapSize                              = 8388608                                   {product} {ergonomic}
    uintx NonNMethodCodeHeapSize                   = 5839372                                {pd product} {ergonomic}
    uintx NonProfiledCodeHeapSize                  = 122909434                              {pd product} {ergonomic}
    uintx ProfiledCodeHeapSize                     = 122909434                              {pd product} {ergonomic}
    uintx ReservedCodeCacheSize                    = 251658240                              {pd product} {ergonomic}
     bool SegmentedCodeCache                       = true                                      {product} {ergonomic}
   size_t SoftMaxHeapSize                          = 4093640704                             {manageable} {ergonomic}
     bool UseCompressedOops                        = true                           {product lp64_product} {ergonomic}
     bool UseG1GC                                  = true                                      {product} {ergonomic}
     bool UseLargePagesIndividualAllocation        = false                                  {pd product} {ergonomic}

Logging:
Log output configuration:
 #0: stdout all=warning uptime,level,tags foldmultilines=false
 #1: stderr all=off uptime,level,tags foldmultilines=false

Environment Variables:
PATH=C:\Program Files\Git\mingw64\libexec\git-core;C:\Program Files\Git\mingw64\libexec\git-core;C:\Program Files\Git\mingw64\bin;C:\Program Files\Git\usr\bin;C:\Users\BRENDA CALISTA\bin;C:\Program Files\Common Files\Oracle\Java\javapath;C:\Windows\system32;C:\Windows;C:\Windows\System32\Wbem;C:\Windows\System32\WindowsPowerShell\v1.0;C:\Windows\System32\OpenSSH;C:\Program Files (x86)\NVIDIA Corporation\PhysX\Common;C:\Program Files\NVIDIA Corporation\NVIDIA NvDLISR;C:\Program Files\Microsoft SQL Server\Client SDK\ODBC\170\Tools\Binn;C:\Program Files (x86)\Microsoft SQL Server\150\Tools\Binn;C:\Program Files\Microsoft SQL Server\150\Tools\Binn;C:\Program Files\Microsoft SQL Server\150\DTS\Binn;D:\ExtraPrograms\anaconda3;C:\Program Files\Git\cmd;C:\WINDOWS\system32;C:\WINDOWS;C:\WINDOWS\System32\Wbem;C:\WINDOWS\System32\WindowsPowerShell\v1.0;C:\WINDOWS\System32\OpenSSH;C:\Users\BRENDA CALISTA\AppData\Local\Android\Sdk\platform-tools;D:\ExtraPrograms\Go\bin;D:\ExtraPrograms\Node;C:\Users\BRENDA CALISTA\go\bin\air.exe;C:\Program Files\Docker\Docker\resources\bin;D:\SLC\4.TPA\Web\protoc-25.7-win64\bin;D:\ExtraPrograms\grpcurl;D:\ExtraPrograms\anaconda3\Scripts;D:\ExtraPrograms\anaconda3\Library\bin;D:\ExtraPrograms\cursor\resources\app\bin;C:\Users\BRENDA CALISTA\.cargo\bin;C:\Users\BRENDA CALISTA\AppData\Local\Microsoft\WindowsApps;C:\Program Files\Azure Data Studio\bin;C:\Users\BRENDA CALISTA\AppData\Local\Programs\Microsoft VS Code\bin;C:\Program Files\Composer;C:\xampp\php;C:\Users\BRENDA CALISTA\AppData\Local\Android\Sdk\platform-tools;C:\Users\BRENDA CALISTA\go\bin;C:\Users\BRENDA CALISTA\AppData\Roaming\npm;D:\SLC\4.TPA\Web\protoc-25.7-win64\bin;D:\ExtraPrograms\anaconda3;D:\ExtraPrograms\cursor\resources\app\bin
USERNAME=BRENDA CALISTA
DISPLAY=:0.0
LC_ALL=en_US.UTF-8
TERM=xterm-256color
TMPDIR=C:\Users\BRENDA~1\AppData\Local\Temp
OS=Windows_NT
PROCESSOR_IDENTIFIER=AMD64 Family 25 Model 68 Stepping 1, AuthenticAMD
TMP=C:\Users\BRENDA~1\AppData\Local\Temp
TEMP=C:\Users\BRENDA~1\AppData\Local\Temp




Periodic native trim disabled

JNI global refs:
JNI global refs: 0, weak refs: 0

JNI global refs memory usage: 0, weak refs: 0

Process memory usage:
Resident Set Size: 12884K (0% of 15985756K total physical memory with 718736K free physical memory)

OOME stack traces (most recent first):
Classloader memory used:

---------------  S Y S T E M  ---------------

OS:
 Windows 11 , 64 bit Build 26100 (10.0.26100.3912)
OS uptime: 3 days 16:11 hours
Hyper-V role detected

CPU: total 12 (initial active 12) (12 cores per cpu, 2 threads per core) family 25 model 68 stepping 1 microcode 0xa404107, cx8, cmov, fxsr, ht, mmx, 3dnowpref, sse, sse2, sse3, ssse3, sse4a, sse4.1, sse4.2, popcnt, lzcnt, tsc, tscinvbit, avx, avx2, aes, erms, clmul, bmi1, bmi2, adx, sha, fma, vzeroupper, clflush, clflushopt, hv, rdtscp, rdpid, fsrm, f16c, cet_ss
Processor Information for all 12 processors :
  Max Mhz: 3301, Current Mhz: 3301, Mhz Limit: 3301

Memory: 4k page, system-wide physical 15611M (701M free)
TotalPageFile size 40651M (AvailPageFile size 241M)
current process WorkingSet (physical memory assigned to process): 12M, peak: 12M
current process commit charge ("private bytes"): 64M, peak: 308M

vm_info: OpenJDK 64-Bit Server VM (21.0.5+-12932927-b750.29) for windows-amd64 JRE (21.0.5+-12932927-b750.29), built on 2025-01-17T02:01:10Z by "builder" with MS VC++ 16.10 / 16.11 (VS2019)

END.
