#
# There is insufficient memory for the Java Runtime Environment to continue.
# Native memory allocation (malloc) failed to allocate 1228976 bytes. Error detail: Chunk::new
# Possible reasons:
#   The system is out of physical RAM or swap space
#   This process is running with CompressedOops enabled, and the Java Heap may be blocking the growth of the native heap
# Possible solutions:
#   Reduce memory load on the system
#   Increase physical memory or swap space
#   Check if swap backing store is full
#   Decrease Java heap size (-Xmx/-Xms)
#   Decrease number of Java threads
#   Decrease Java thread stack sizes (-Xss)
#   Set larger code cache with -XX:ReservedCodeCacheSize=
#   JVM is running with Zero Based Compressed Oops mode in which the Java heap is
#     placed in the first 32GB address space. The Java Heap base address is the
#     maximum limit for the native heap growth. Please use -XX:HeapBaseMinAddress
#     to set the Java Heap base and to place the Java Heap above 32GB virtual address.
# This output file may be truncated or incomplete.
#
#  Out of Memory Error (arena.cpp:168), pid=1784, tid=26840
#
# JRE version: OpenJDK Runtime Environment (21.0.6) (build 21.0.6+-13355223-b631.42)
# Java VM: OpenJDK 64-Bit Server VM (21.0.6+-13355223-b631.42, mixed mode, tiered, compressed oops, compressed class ptrs, g1 gc, windows-amd64)
# No core dump will be written. Minidumps are not enabled by default on client versions of Windows
#

---------------  S U M M A R Y ------------

Command Line: git4idea.http.GitAskPassApp Username for 'https://github.com': 

Host: AMD Ryzen 7 4800H with Radeon Graphics         , 16 cores, 15G,  Windows 10 , 64 bit Build 19041 (10.0.19041.5678)
Time: Tue May  6 13:45:33 2025 SE Asia Standard Time elapsed time: 1.031688 seconds (0d 0h 0m 1s)

---------------  T H R E A D  ---------------

Current thread (0x000001e37e0e22a0):  JavaThread "C2 CompilerThread0" daemon [_thread_in_native, id=26840, stack(0x0000003b89b00000,0x0000003b89c00000) (1024K)]


Current CompileTask:
C2:1031 1174       4       sun.security.ec.ECOperations::setDouble (463 bytes)

Stack: [0x0000003b89b00000,0x0000003b89c00000]
Native frames: (J=compiled Java code, j=interpreted, Vv=VM code, C=native code)
V  [jvm.dll+0x6d05a9]
V  [jvm.dll+0x85ea73]
V  [jvm.dll+0x860fce]
V  [jvm.dll+0x8616b3]
V  [jvm.dll+0x27e6e6]
V  [jvm.dll+0xbff6d]
V  [jvm.dll+0xc04a3]
V  [jvm.dll+0x3b6131]
V  [jvm.dll+0x382097]
V  [jvm.dll+0x38150a]
V  [jvm.dll+0x247c82]
V  [jvm.dll+0x247251]
V  [jvm.dll+0x1c5f04]
V  [jvm.dll+0x2569ac]
V  [jvm.dll+0x254ef6]
V  [jvm.dll+0x3f0e56]
V  [jvm.dll+0x806e48]
V  [jvm.dll+0x6cee7d]
C  [ucrtbase.dll+0x21bb2]
C  [KERNEL32.DLL+0x17374]
C  [ntdll.dll+0x4cc91]


---------------  P R O C E S S  ---------------

Threads class SMR info:
_java_thread_list=0x000001e37e7d1ce0, length=19, elements={
0x000001e361532150, 0x000001e37e0d8870, 0x000001e37e0bbf80, 0x000001e37e0c55e0,
0x000001e37e0c6030, 0x000001e37e0e0ec0, 0x000001e37e0e1520, 0x000001e37e0e22a0,
0x000001e37e0e8240, 0x000001e37e1ceca0, 0x000001e37e273700, 0x000001e37e278f40,
0x000001e37e4da050, 0x000001e37e7927b0, 0x000001e37e7e40d0, 0x000001e37e7f7ba0,
0x000001e37e8bdb10, 0x000001e37e8155c0, 0x000001e37e81aad0
}

Java Threads: ( => current thread )
  0x000001e361532150 JavaThread "main"                              [_thread_blocked, id=19212, stack(0x0000003b88d00000,0x0000003b88e00000) (1024K)]
  0x000001e37e0d8870 JavaThread "Reference Handler"          daemon [_thread_blocked, id=15800, stack(0x0000003b89500000,0x0000003b89600000) (1024K)]
  0x000001e37e0bbf80 JavaThread "Finalizer"                  daemon [_thread_blocked, id=46432, stack(0x0000003b89600000,0x0000003b89700000) (1024K)]
  0x000001e37e0c55e0 JavaThread "Signal Dispatcher"          daemon [_thread_blocked, id=44408, stack(0x0000003b89700000,0x0000003b89800000) (1024K)]
  0x000001e37e0c6030 JavaThread "Attach Listener"            daemon [_thread_blocked, id=46712, stack(0x0000003b89800000,0x0000003b89900000) (1024K)]
  0x000001e37e0e0ec0 JavaThread "Service Thread"             daemon [_thread_blocked, id=13432, stack(0x0000003b89900000,0x0000003b89a00000) (1024K)]
  0x000001e37e0e1520 JavaThread "Monitor Deflation Thread"   daemon [_thread_blocked, id=43600, stack(0x0000003b89a00000,0x0000003b89b00000) (1024K)]
=>0x000001e37e0e22a0 JavaThread "C2 CompilerThread0"         daemon [_thread_in_native, id=26840, stack(0x0000003b89b00000,0x0000003b89c00000) (1024K)]
  0x000001e37e0e8240 JavaThread "C1 CompilerThread0"         daemon [_thread_blocked, id=7808, stack(0x0000003b89c00000,0x0000003b89d00000) (1024K)]
  0x000001e37e1ceca0 JavaThread "C1 CompilerThread1"         daemon [_thread_blocked, id=44024, stack(0x0000003b89d00000,0x0000003b89e00000) (1024K)]
  0x000001e37e273700 JavaThread "Notification Thread"        daemon [_thread_blocked, id=34880, stack(0x0000003b89e00000,0x0000003b89f00000) (1024K)]
  0x000001e37e278f40 JavaThread "Common-Cleaner"             daemon [_thread_blocked, id=45652, stack(0x0000003b89f00000,0x0000003b8a000000) (1024K)]
  0x000001e37e4da050 JavaThread "C1 CompilerThread2"         daemon [_thread_blocked, id=6296, stack(0x0000003b8a000000,0x0000003b8a100000) (1024K)]
  0x000001e37e7927b0 JavaThread "HttpClient-1-SelectorManager" daemon [_thread_in_native, id=35160, stack(0x0000003b8a100000,0x0000003b8a200000) (1024K)]
  0x000001e37e7e40d0 JavaThread "HttpClient-1-Worker-0"      daemon [_thread_in_Java, id=11732, stack(0x0000003b8a300000,0x0000003b8a400000) (1024K)]
  0x000001e37e7f7ba0 JavaThread "HttpClient-1-Worker-1"      daemon [_thread_blocked, id=16244, stack(0x0000003b8a400000,0x0000003b8a500000) (1024K)]
  0x000001e37e8bdb10 JavaThread "C2 CompilerThread1"         daemon [_thread_blocked, id=21644, stack(0x0000003b8a500000,0x0000003b8a600000) (1024K)]
  0x000001e37e8155c0 JavaThread "C2 CompilerThread2"         daemon [_thread_blocked, id=38032, stack(0x0000003b8a600000,0x0000003b8a700000) (1024K)]
  0x000001e37e81aad0 JavaThread "C2 CompilerThread3"         daemon [_thread_blocked, id=11884, stack(0x0000003b8a700000,0x0000003b8a800000) (1024K)]
Total: 19

Other Threads:
  0x000001e37e070b30 VMThread "VM Thread"                           [id=34364, stack(0x0000003b89400000,0x0000003b89500000) (1024K)]
  0x000001e37deb75e0 WatcherThread "VM Periodic Task Thread"        [id=41544, stack(0x0000003b89300000,0x0000003b89400000) (1024K)]
  0x000001e3638e20b0 WorkerThread "GC Thread#0"                     [id=10900, stack(0x0000003b88e00000,0x0000003b88f00000) (1024K)]
  0x000001e3638f2fe0 ConcurrentGCThread "G1 Main Marker"            [id=45080, stack(0x0000003b88f00000,0x0000003b89000000) (1024K)]
  0x000001e3638f3ae0 WorkerThread "G1 Conc#0"                       [id=36520, stack(0x0000003b89000000,0x0000003b89100000) (1024K)]
  0x000001e37dd875d0 ConcurrentGCThread "G1 Refine#0"               [id=19420, stack(0x0000003b89100000,0x0000003b89200000) (1024K)]
  0x000001e37dd87d50 ConcurrentGCThread "G1 Service"                [id=35080, stack(0x0000003b89200000,0x0000003b89300000) (1024K)]
Total: 7

Threads with active compile tasks:
C2 CompilerThread0  1057 1174       4       sun.security.ec.ECOperations::setDouble (463 bytes)
Total: 1

VM state: not at safepoint (normal execution)

VM Mutex/Monitor currently owned by a thread: None

Heap address: 0x000000070a200000, size: 3934 MB, Compressed Oops mode: Zero based, Oop shift amount: 3

CDS archive(s) not mapped
Compressed class space mapped at: 0x0000000800000000-0x0000000840000000, reserved size: 1073741824
Narrow klass base: 0x0000000800000000, Narrow klass shift: 0, Narrow klass range: 0x40000000

GC Precious Log:
 CardTable entry size: 512
 Card Set container configuration: InlinePtr #cards 4 size 8 Array Of Cards #cards 16 size 48 Howl #buckets 8 coarsen threshold 3686 Howl Bitmap #cards 512 size 80 coarsen threshold 460 Card regions per heap region 1 cards per card region 4096
 CPUs: 16 total, 16 available
 Memory: 15731M
 Large Page Support: Disabled
 NUMA Support: Disabled
 Compressed Oops: Enabled (Zero based)
 Heap Region Size: 2M
 Heap Min Capacity: 8M
 Heap Initial Capacity: 246M
 Heap Max Capacity: 3934M
 Pre-touch: Disabled
 Parallel Workers: 13
 Concurrent Workers: 3
 Concurrent Refinement Workers: 13
 Periodic GC: Disabled

Heap:
 garbage-first heap   total 251904K, used 16384K [0x000000070a200000, 0x0000000800000000)
  region size 2048K, 9 young (18432K), 0 survivors (0K)
 Metaspace       used 16999K, committed 17280K, reserved 1114112K
  class space    used 1797K, committed 1920K, reserved 1048576K

Heap Regions: E=young(eden), S=young(survivor), O=old, HS=humongous(starts), HC=humongous(continues), CS=collection set, F=free, TAMS=top-at-mark-start, PB=parsable bottom
|   0|0x000000070a200000, 0x000000070a200000, 0x000000070a400000|  0%| F|  |TAMS 0x000000070a200000| PB 0x000000070a200000| Untracked 
|   1|0x000000070a400000, 0x000000070a400000, 0x000000070a600000|  0%| F|  |TAMS 0x000000070a400000| PB 0x000000070a400000| Untracked 
|   2|0x000000070a600000, 0x000000070a600000, 0x000000070a800000|  0%| F|  |TAMS 0x000000070a600000| PB 0x000000070a600000| Untracked 
|   3|0x000000070a800000, 0x000000070a800000, 0x000000070aa00000|  0%| F|  |TAMS 0x000000070a800000| PB 0x000000070a800000| Untracked 
|   4|0x000000070aa00000, 0x000000070aa00000, 0x000000070ac00000|  0%| F|  |TAMS 0x000000070aa00000| PB 0x000000070aa00000| Untracked 
|   5|0x000000070ac00000, 0x000000070ac00000, 0x000000070ae00000|  0%| F|  |TAMS 0x000000070ac00000| PB 0x000000070ac00000| Untracked 
|   6|0x000000070ae00000, 0x000000070ae00000, 0x000000070b000000|  0%| F|  |TAMS 0x000000070ae00000| PB 0x000000070ae00000| Untracked 
|   7|0x000000070b000000, 0x000000070b000000, 0x000000070b200000|  0%| F|  |TAMS 0x000000070b000000| PB 0x000000070b000000| Untracked 
|   8|0x000000070b200000, 0x000000070b200000, 0x000000070b400000|  0%| F|  |TAMS 0x000000070b200000| PB 0x000000070b200000| Untracked 
|   9|0x000000070b400000, 0x000000070b400000, 0x000000070b600000|  0%| F|  |TAMS 0x000000070b400000| PB 0x000000070b400000| Untracked 
|  10|0x000000070b600000, 0x000000070b600000, 0x000000070b800000|  0%| F|  |TAMS 0x000000070b600000| PB 0x000000070b600000| Untracked 
|  11|0x000000070b800000, 0x000000070b800000, 0x000000070ba00000|  0%| F|  |TAMS 0x000000070b800000| PB 0x000000070b800000| Untracked 
|  12|0x000000070ba00000, 0x000000070ba00000, 0x000000070bc00000|  0%| F|  |TAMS 0x000000070ba00000| PB 0x000000070ba00000| Untracked 
|  13|0x000000070bc00000, 0x000000070bc00000, 0x000000070be00000|  0%| F|  |TAMS 0x000000070bc00000| PB 0x000000070bc00000| Untracked 
|  14|0x000000070be00000, 0x000000070be00000, 0x000000070c000000|  0%| F|  |TAMS 0x000000070be00000| PB 0x000000070be00000| Untracked 
|  15|0x000000070c000000, 0x000000070c000000, 0x000000070c200000|  0%| F|  |TAMS 0x000000070c000000| PB 0x000000070c000000| Untracked 
|  16|0x000000070c200000, 0x000000070c200000, 0x000000070c400000|  0%| F|  |TAMS 0x000000070c200000| PB 0x000000070c200000| Untracked 
|  17|0x000000070c400000, 0x000000070c400000, 0x000000070c600000|  0%| F|  |TAMS 0x000000070c400000| PB 0x000000070c400000| Untracked 
|  18|0x000000070c600000, 0x000000070c600000, 0x000000070c800000|  0%| F|  |TAMS 0x000000070c600000| PB 0x000000070c600000| Untracked 
|  19|0x000000070c800000, 0x000000070c800000, 0x000000070ca00000|  0%| F|  |TAMS 0x000000070c800000| PB 0x000000070c800000| Untracked 
|  20|0x000000070ca00000, 0x000000070ca00000, 0x000000070cc00000|  0%| F|  |TAMS 0x000000070ca00000| PB 0x000000070ca00000| Untracked 
|  21|0x000000070cc00000, 0x000000070cc00000, 0x000000070ce00000|  0%| F|  |TAMS 0x000000070cc00000| PB 0x000000070cc00000| Untracked 
|  22|0x000000070ce00000, 0x000000070ce00000, 0x000000070d000000|  0%| F|  |TAMS 0x000000070ce00000| PB 0x000000070ce00000| Untracked 
|  23|0x000000070d000000, 0x000000070d000000, 0x000000070d200000|  0%| F|  |TAMS 0x000000070d000000| PB 0x000000070d000000| Untracked 
|  24|0x000000070d200000, 0x000000070d200000, 0x000000070d400000|  0%| F|  |TAMS 0x000000070d200000| PB 0x000000070d200000| Untracked 
|  25|0x000000070d400000, 0x000000070d400000, 0x000000070d600000|  0%| F|  |TAMS 0x000000070d400000| PB 0x000000070d400000| Untracked 
|  26|0x000000070d600000, 0x000000070d600000, 0x000000070d800000|  0%| F|  |TAMS 0x000000070d600000| PB 0x000000070d600000| Untracked 
|  27|0x000000070d800000, 0x000000070d800000, 0x000000070da00000|  0%| F|  |TAMS 0x000000070d800000| PB 0x000000070d800000| Untracked 
|  28|0x000000070da00000, 0x000000070da00000, 0x000000070dc00000|  0%| F|  |TAMS 0x000000070da00000| PB 0x000000070da00000| Untracked 
|  29|0x000000070dc00000, 0x000000070dc00000, 0x000000070de00000|  0%| F|  |TAMS 0x000000070dc00000| PB 0x000000070dc00000| Untracked 
|  30|0x000000070de00000, 0x000000070de00000, 0x000000070e000000|  0%| F|  |TAMS 0x000000070de00000| PB 0x000000070de00000| Untracked 
|  31|0x000000070e000000, 0x000000070e000000, 0x000000070e200000|  0%| F|  |TAMS 0x000000070e000000| PB 0x000000070e000000| Untracked 
|  32|0x000000070e200000, 0x000000070e200000, 0x000000070e400000|  0%| F|  |TAMS 0x000000070e200000| PB 0x000000070e200000| Untracked 
|  33|0x000000070e400000, 0x000000070e400000, 0x000000070e600000|  0%| F|  |TAMS 0x000000070e400000| PB 0x000000070e400000| Untracked 
|  34|0x000000070e600000, 0x000000070e600000, 0x000000070e800000|  0%| F|  |TAMS 0x000000070e600000| PB 0x000000070e600000| Untracked 
|  35|0x000000070e800000, 0x000000070e800000, 0x000000070ea00000|  0%| F|  |TAMS 0x000000070e800000| PB 0x000000070e800000| Untracked 
|  36|0x000000070ea00000, 0x000000070ea00000, 0x000000070ec00000|  0%| F|  |TAMS 0x000000070ea00000| PB 0x000000070ea00000| Untracked 
|  37|0x000000070ec00000, 0x000000070ec00000, 0x000000070ee00000|  0%| F|  |TAMS 0x000000070ec00000| PB 0x000000070ec00000| Untracked 
|  38|0x000000070ee00000, 0x000000070ee00000, 0x000000070f000000|  0%| F|  |TAMS 0x000000070ee00000| PB 0x000000070ee00000| Untracked 
|  39|0x000000070f000000, 0x000000070f000000, 0x000000070f200000|  0%| F|  |TAMS 0x000000070f000000| PB 0x000000070f000000| Untracked 
|  40|0x000000070f200000, 0x000000070f200000, 0x000000070f400000|  0%| F|  |TAMS 0x000000070f200000| PB 0x000000070f200000| Untracked 
|  41|0x000000070f400000, 0x000000070f400000, 0x000000070f600000|  0%| F|  |TAMS 0x000000070f400000| PB 0x000000070f400000| Untracked 
|  42|0x000000070f600000, 0x000000070f600000, 0x000000070f800000|  0%| F|  |TAMS 0x000000070f600000| PB 0x000000070f600000| Untracked 
|  43|0x000000070f800000, 0x000000070f800000, 0x000000070fa00000|  0%| F|  |TAMS 0x000000070f800000| PB 0x000000070f800000| Untracked 
|  44|0x000000070fa00000, 0x000000070fa00000, 0x000000070fc00000|  0%| F|  |TAMS 0x000000070fa00000| PB 0x000000070fa00000| Untracked 
|  45|0x000000070fc00000, 0x000000070fc00000, 0x000000070fe00000|  0%| F|  |TAMS 0x000000070fc00000| PB 0x000000070fc00000| Untracked 
|  46|0x000000070fe00000, 0x000000070fe00000, 0x0000000710000000|  0%| F|  |TAMS 0x000000070fe00000| PB 0x000000070fe00000| Untracked 
|  47|0x0000000710000000, 0x0000000710000000, 0x0000000710200000|  0%| F|  |TAMS 0x0000000710000000| PB 0x0000000710000000| Untracked 
|  48|0x0000000710200000, 0x0000000710200000, 0x0000000710400000|  0%| F|  |TAMS 0x0000000710200000| PB 0x0000000710200000| Untracked 
|  49|0x0000000710400000, 0x0000000710400000, 0x0000000710600000|  0%| F|  |TAMS 0x0000000710400000| PB 0x0000000710400000| Untracked 
|  50|0x0000000710600000, 0x0000000710600000, 0x0000000710800000|  0%| F|  |TAMS 0x0000000710600000| PB 0x0000000710600000| Untracked 
|  51|0x0000000710800000, 0x0000000710800000, 0x0000000710a00000|  0%| F|  |TAMS 0x0000000710800000| PB 0x0000000710800000| Untracked 
|  52|0x0000000710a00000, 0x0000000710a00000, 0x0000000710c00000|  0%| F|  |TAMS 0x0000000710a00000| PB 0x0000000710a00000| Untracked 
|  53|0x0000000710c00000, 0x0000000710c00000, 0x0000000710e00000|  0%| F|  |TAMS 0x0000000710c00000| PB 0x0000000710c00000| Untracked 
|  54|0x0000000710e00000, 0x0000000710e00000, 0x0000000711000000|  0%| F|  |TAMS 0x0000000710e00000| PB 0x0000000710e00000| Untracked 
|  55|0x0000000711000000, 0x0000000711000000, 0x0000000711200000|  0%| F|  |TAMS 0x0000000711000000| PB 0x0000000711000000| Untracked 
|  56|0x0000000711200000, 0x0000000711200000, 0x0000000711400000|  0%| F|  |TAMS 0x0000000711200000| PB 0x0000000711200000| Untracked 
|  57|0x0000000711400000, 0x0000000711400000, 0x0000000711600000|  0%| F|  |TAMS 0x0000000711400000| PB 0x0000000711400000| Untracked 
|  58|0x0000000711600000, 0x0000000711600000, 0x0000000711800000|  0%| F|  |TAMS 0x0000000711600000| PB 0x0000000711600000| Untracked 
|  59|0x0000000711800000, 0x0000000711800000, 0x0000000711a00000|  0%| F|  |TAMS 0x0000000711800000| PB 0x0000000711800000| Untracked 
|  60|0x0000000711a00000, 0x0000000711a00000, 0x0000000711c00000|  0%| F|  |TAMS 0x0000000711a00000| PB 0x0000000711a00000| Untracked 
|  61|0x0000000711c00000, 0x0000000711c00000, 0x0000000711e00000|  0%| F|  |TAMS 0x0000000711c00000| PB 0x0000000711c00000| Untracked 
|  62|0x0000000711e00000, 0x0000000711e00000, 0x0000000712000000|  0%| F|  |TAMS 0x0000000711e00000| PB 0x0000000711e00000| Untracked 
|  63|0x0000000712000000, 0x0000000712000000, 0x0000000712200000|  0%| F|  |TAMS 0x0000000712000000| PB 0x0000000712000000| Untracked 
|  64|0x0000000712200000, 0x0000000712200000, 0x0000000712400000|  0%| F|  |TAMS 0x0000000712200000| PB 0x0000000712200000| Untracked 
|  65|0x0000000712400000, 0x0000000712400000, 0x0000000712600000|  0%| F|  |TAMS 0x0000000712400000| PB 0x0000000712400000| Untracked 
|  66|0x0000000712600000, 0x0000000712600000, 0x0000000712800000|  0%| F|  |TAMS 0x0000000712600000| PB 0x0000000712600000| Untracked 
|  67|0x0000000712800000, 0x0000000712800000, 0x0000000712a00000|  0%| F|  |TAMS 0x0000000712800000| PB 0x0000000712800000| Untracked 
|  68|0x0000000712a00000, 0x0000000712a00000, 0x0000000712c00000|  0%| F|  |TAMS 0x0000000712a00000| PB 0x0000000712a00000| Untracked 
|  69|0x0000000712c00000, 0x0000000712c00000, 0x0000000712e00000|  0%| F|  |TAMS 0x0000000712c00000| PB 0x0000000712c00000| Untracked 
|  70|0x0000000712e00000, 0x0000000712e00000, 0x0000000713000000|  0%| F|  |TAMS 0x0000000712e00000| PB 0x0000000712e00000| Untracked 
|  71|0x0000000713000000, 0x0000000713000000, 0x0000000713200000|  0%| F|  |TAMS 0x0000000713000000| PB 0x0000000713000000| Untracked 
|  72|0x0000000713200000, 0x0000000713200000, 0x0000000713400000|  0%| F|  |TAMS 0x0000000713200000| PB 0x0000000713200000| Untracked 
|  73|0x0000000713400000, 0x0000000713400000, 0x0000000713600000|  0%| F|  |TAMS 0x0000000713400000| PB 0x0000000713400000| Untracked 
|  74|0x0000000713600000, 0x0000000713600000, 0x0000000713800000|  0%| F|  |TAMS 0x0000000713600000| PB 0x0000000713600000| Untracked 
|  75|0x0000000713800000, 0x0000000713800000, 0x0000000713a00000|  0%| F|  |TAMS 0x0000000713800000| PB 0x0000000713800000| Untracked 
|  76|0x0000000713a00000, 0x0000000713a00000, 0x0000000713c00000|  0%| F|  |TAMS 0x0000000713a00000| PB 0x0000000713a00000| Untracked 
|  77|0x0000000713c00000, 0x0000000713c00000, 0x0000000713e00000|  0%| F|  |TAMS 0x0000000713c00000| PB 0x0000000713c00000| Untracked 
|  78|0x0000000713e00000, 0x0000000713e00000, 0x0000000714000000|  0%| F|  |TAMS 0x0000000713e00000| PB 0x0000000713e00000| Untracked 
|  79|0x0000000714000000, 0x0000000714000000, 0x0000000714200000|  0%| F|  |TAMS 0x0000000714000000| PB 0x0000000714000000| Untracked 
|  80|0x0000000714200000, 0x0000000714200000, 0x0000000714400000|  0%| F|  |TAMS 0x0000000714200000| PB 0x0000000714200000| Untracked 
|  81|0x0000000714400000, 0x0000000714400000, 0x0000000714600000|  0%| F|  |TAMS 0x0000000714400000| PB 0x0000000714400000| Untracked 
|  82|0x0000000714600000, 0x0000000714600000, 0x0000000714800000|  0%| F|  |TAMS 0x0000000714600000| PB 0x0000000714600000| Untracked 
|  83|0x0000000714800000, 0x0000000714800000, 0x0000000714a00000|  0%| F|  |TAMS 0x0000000714800000| PB 0x0000000714800000| Untracked 
|  84|0x0000000714a00000, 0x0000000714a00000, 0x0000000714c00000|  0%| F|  |TAMS 0x0000000714a00000| PB 0x0000000714a00000| Untracked 
|  85|0x0000000714c00000, 0x0000000714c00000, 0x0000000714e00000|  0%| F|  |TAMS 0x0000000714c00000| PB 0x0000000714c00000| Untracked 
|  86|0x0000000714e00000, 0x0000000714e00000, 0x0000000715000000|  0%| F|  |TAMS 0x0000000714e00000| PB 0x0000000714e00000| Untracked 
|  87|0x0000000715000000, 0x0000000715000000, 0x0000000715200000|  0%| F|  |TAMS 0x0000000715000000| PB 0x0000000715000000| Untracked 
|  88|0x0000000715200000, 0x0000000715200000, 0x0000000715400000|  0%| F|  |TAMS 0x0000000715200000| PB 0x0000000715200000| Untracked 
|  89|0x0000000715400000, 0x0000000715400000, 0x0000000715600000|  0%| F|  |TAMS 0x0000000715400000| PB 0x0000000715400000| Untracked 
|  90|0x0000000715600000, 0x0000000715600000, 0x0000000715800000|  0%| F|  |TAMS 0x0000000715600000| PB 0x0000000715600000| Untracked 
|  91|0x0000000715800000, 0x0000000715800000, 0x0000000715a00000|  0%| F|  |TAMS 0x0000000715800000| PB 0x0000000715800000| Untracked 
|  92|0x0000000715a00000, 0x0000000715a00000, 0x0000000715c00000|  0%| F|  |TAMS 0x0000000715a00000| PB 0x0000000715a00000| Untracked 
|  93|0x0000000715c00000, 0x0000000715c00000, 0x0000000715e00000|  0%| F|  |TAMS 0x0000000715c00000| PB 0x0000000715c00000| Untracked 
|  94|0x0000000715e00000, 0x0000000715e00000, 0x0000000716000000|  0%| F|  |TAMS 0x0000000715e00000| PB 0x0000000715e00000| Untracked 
|  95|0x0000000716000000, 0x0000000716000000, 0x0000000716200000|  0%| F|  |TAMS 0x0000000716000000| PB 0x0000000716000000| Untracked 
|  96|0x0000000716200000, 0x0000000716200000, 0x0000000716400000|  0%| F|  |TAMS 0x0000000716200000| PB 0x0000000716200000| Untracked 
|  97|0x0000000716400000, 0x0000000716400000, 0x0000000716600000|  0%| F|  |TAMS 0x0000000716400000| PB 0x0000000716400000| Untracked 
|  98|0x0000000716600000, 0x0000000716600000, 0x0000000716800000|  0%| F|  |TAMS 0x0000000716600000| PB 0x0000000716600000| Untracked 
|  99|0x0000000716800000, 0x0000000716800000, 0x0000000716a00000|  0%| F|  |TAMS 0x0000000716800000| PB 0x0000000716800000| Untracked 
| 100|0x0000000716a00000, 0x0000000716a00000, 0x0000000716c00000|  0%| F|  |TAMS 0x0000000716a00000| PB 0x0000000716a00000| Untracked 
| 101|0x0000000716c00000, 0x0000000716c00000, 0x0000000716e00000|  0%| F|  |TAMS 0x0000000716c00000| PB 0x0000000716c00000| Untracked 
| 102|0x0000000716e00000, 0x0000000716e00000, 0x0000000717000000|  0%| F|  |TAMS 0x0000000716e00000| PB 0x0000000716e00000| Untracked 
| 103|0x0000000717000000, 0x0000000717000000, 0x0000000717200000|  0%| F|  |TAMS 0x0000000717000000| PB 0x0000000717000000| Untracked 
| 104|0x0000000717200000, 0x0000000717200000, 0x0000000717400000|  0%| F|  |TAMS 0x0000000717200000| PB 0x0000000717200000| Untracked 
| 105|0x0000000717400000, 0x0000000717400000, 0x0000000717600000|  0%| F|  |TAMS 0x0000000717400000| PB 0x0000000717400000| Untracked 
| 106|0x0000000717600000, 0x0000000717600000, 0x0000000717800000|  0%| F|  |TAMS 0x0000000717600000| PB 0x0000000717600000| Untracked 
| 107|0x0000000717800000, 0x0000000717800000, 0x0000000717a00000|  0%| F|  |TAMS 0x0000000717800000| PB 0x0000000717800000| Untracked 
| 108|0x0000000717a00000, 0x0000000717a00000, 0x0000000717c00000|  0%| F|  |TAMS 0x0000000717a00000| PB 0x0000000717a00000| Untracked 
| 109|0x0000000717c00000, 0x0000000717c00000, 0x0000000717e00000|  0%| F|  |TAMS 0x0000000717c00000| PB 0x0000000717c00000| Untracked 
| 110|0x0000000717e00000, 0x0000000717e00000, 0x0000000718000000|  0%| F|  |TAMS 0x0000000717e00000| PB 0x0000000717e00000| Untracked 
| 111|0x0000000718000000, 0x0000000718000000, 0x0000000718200000|  0%| F|  |TAMS 0x0000000718000000| PB 0x0000000718000000| Untracked 
| 112|0x0000000718200000, 0x0000000718200000, 0x0000000718400000|  0%| F|  |TAMS 0x0000000718200000| PB 0x0000000718200000| Untracked 
| 113|0x0000000718400000, 0x0000000718400000, 0x0000000718600000|  0%| F|  |TAMS 0x0000000718400000| PB 0x0000000718400000| Untracked 
| 114|0x0000000718600000, 0x00000007186e3110, 0x0000000718800000| 44%| E|  |TAMS 0x0000000718600000| PB 0x0000000718600000| Complete 
| 115|0x0000000718800000, 0x0000000718a00000, 0x0000000718a00000|100%| E|CS|TAMS 0x0000000718800000| PB 0x0000000718800000| Complete 
| 116|0x0000000718a00000, 0x0000000718c00000, 0x0000000718c00000|100%| E|CS|TAMS 0x0000000718a00000| PB 0x0000000718a00000| Complete 
| 117|0x0000000718c00000, 0x0000000718e00000, 0x0000000718e00000|100%| E|CS|TAMS 0x0000000718c00000| PB 0x0000000718c00000| Complete 
| 118|0x0000000718e00000, 0x0000000719000000, 0x0000000719000000|100%| E|CS|TAMS 0x0000000718e00000| PB 0x0000000718e00000| Complete 
| 119|0x0000000719000000, 0x0000000719200000, 0x0000000719200000|100%| E|CS|TAMS 0x0000000719000000| PB 0x0000000719000000| Complete 
| 120|0x0000000719200000, 0x0000000719400000, 0x0000000719400000|100%| E|CS|TAMS 0x0000000719200000| PB 0x0000000719200000| Complete 
| 121|0x0000000719400000, 0x0000000719600000, 0x0000000719600000|100%| E|CS|TAMS 0x0000000719400000| PB 0x0000000719400000| Complete 
| 122|0x0000000719600000, 0x0000000719800000, 0x0000000719800000|100%| E|CS|TAMS 0x0000000719600000| PB 0x0000000719600000| Complete 

Card table byte_map: [0x000001e376a30000,0x000001e3771e0000] _byte_map_base: 0x000001e3731df000

Marking Bits: (CMBitMap*) 0x000001e3638e27b0
 Bits: [0x000001e3771e0000, 0x000001e37af58000)

Polling page: 0x000001e3616e0000

Metaspace:

Usage:
  Non-class:     14.93 MB used.
      Class:      1.77 MB used.
       Both:     16.70 MB used.

Virtual space:
  Non-class space:       64.00 MB reserved,      15.06 MB ( 24%) committed,  1 nodes.
      Class space:        1.00 GB reserved,       1.88 MB ( <1%) committed,  1 nodes.
             Both:        1.06 GB reserved,      16.94 MB (  2%) committed. 

Chunk freelists:
   Non-Class:  736.00 KB
       Class:  14.13 MB
        Both:  14.85 MB

MaxMetaspaceSize: unlimited
CompressedClassSpaceSize: 1.00 GB
Initial GC threshold: 21.00 MB
Current GC threshold: 21.00 MB
CDS: off
 - commit_granule_bytes: 65536.
 - commit_granule_words: 8192.
 - virtual_space_node_default_size: 8388608.
 - enlarge_chunks_in_place: 1.
 - use_allocation_guard: 0.


Internal statistics:

num_allocs_failed_limit: 0.
num_arena_births: 244.
num_arena_deaths: 0.
num_vsnodes_births: 2.
num_vsnodes_deaths: 0.
num_space_committed: 271.
num_space_uncommitted: 0.
num_chunks_returned_to_freelist: 0.
num_chunks_taken_from_freelist: 438.
num_chunk_merges: 0.
num_chunk_splits: 243.
num_chunks_enlarged: 112.
num_inconsistent_stats: 0.

CodeHeap 'non-profiled nmethods': size=119168Kb used=410Kb max_used=410Kb free=118757Kb
 bounds [0x000001e36e580000, 0x000001e36e7f0000, 0x000001e3759e0000]
CodeHeap 'profiled nmethods': size=119104Kb used=2154Kb max_used=2154Kb free=116949Kb
 bounds [0x000001e3669e0000, 0x000001e366c50000, 0x000001e36de30000]
CodeHeap 'non-nmethods': size=7488Kb used=2537Kb max_used=2558Kb free=4950Kb
 bounds [0x000001e36de30000, 0x000001e36e0c0000, 0x000001e36e580000]
 total_blobs=1792 nmethods=1274 adapters=421
 compilation: enabled
              stopped_count=0, restarted_count=0
 full_count=0

Compilation events (20 events):
Event: 0.983 Thread 0x000001e37e8bdb10 1255       4       jdk.internal.util.StrongReferenceKey::hashCode (8 bytes)
Event: 0.983 Thread 0x000001e37e1ceca0 1256   !   3       java.lang.invoke.MethodHandleNatives::linkMethodHandleConstant (50 bytes)
Event: 0.983 Thread 0x000001e37e0e8240 1257       3       java.lang.invoke.MethodHandles$Lookup::linkMethodHandleConstant (223 bytes)
Event: 0.984 Thread 0x000001e37e1ceca0 nmethod 1256 0x000001e366bf2d90 code [0x000001e366bf2f60, 0x000001e366bf3168]
Event: 0.984 Thread 0x000001e37e8155c0 1258       4       java.lang.Class::getClassLoader (28 bytes)
Event: 0.985 Thread 0x000001e37e8155c0 nmethod 1258 0x000001e36e5e5790 code [0x000001e36e5e5920, 0x000001e36e5e59c0]
Event: 0.985 Thread 0x000001e37e4da050 1259       3       java.lang.invoke.MemberName$Factory::resolveOrNull (54 bytes)
Event: 0.985 Thread 0x000001e37e4da050 nmethod 1259 0x000001e366bf3310 code [0x000001e366bf34e0, 0x000001e366bf3780]
Event: 0.985 Thread 0x000001e37e0e8240 nmethod 1257 0x000001e366bf3890 code [0x000001e366bf3c80, 0x000001e366bf5488]
Event: 0.987 Thread 0x000001e37e4da050 1260   !   3       jdk.internal.misc.ScopedMemoryAccess::copyMemory (27 bytes)
Event: 0.987 Thread 0x000001e37e1ceca0 1261   !   3       jdk.internal.misc.ScopedMemoryAccess::copyMemoryInternal (56 bytes)
Event: 0.987 Thread 0x000001e37e0e8240 1262       1       java.util.concurrent.atomic.AtomicInteger::get (5 bytes)
Event: 0.987 Thread 0x000001e37e0e8240 nmethod 1262 0x000001e36e5e5a90 code [0x000001e36e5e5c20, 0x000001e36e5e5ce8]
Event: 0.987 Thread 0x000001e37e1ceca0 nmethod 1261 0x000001e366bf5c10 code [0x000001e366bf5e00, 0x000001e366bf6338]
Event: 0.987 Thread 0x000001e37e4da050 nmethod 1260 0x000001e366bf6690 code [0x000001e366bf68a0, 0x000001e366bf6ec0]
Event: 0.988 Thread 0x000001e37e4da050 1263       3       java.nio.ByteBuffer::hasArray (20 bytes)
Event: 0.989 Thread 0x000001e37e4da050 nmethod 1263 0x000001e366bf7290 code [0x000001e366bf7440, 0x000001e366bf75d8]
Event: 0.989 Thread 0x000001e37e8bdb10 nmethod 1255 0x000001e36e5e5d90 code [0x000001e36e5e5fa0, 0x000001e36e5e63c8]
Event: 0.990 Thread 0x000001e37e4da050 1264       1       sun.security.provider.DigestBase::engineGetDigestLength (5 bytes)
Event: 0.990 Thread 0x000001e37e4da050 nmethod 1264 0x000001e36e5e6710 code [0x000001e36e5e68a0, 0x000001e36e5e6968]

GC Heap History (0 events):
No events

Dll operation events (2 events):
Event: 0.007 Loaded shared library D:\Nicky\AndroidStudio\App\jbr\bin\java.dll
Event: 0.013 Loaded shared library D:\Nicky\AndroidStudio\App\jbr\bin\zip.dll

Deoptimization events (20 events):
Event: 0.923 Thread 0x000001e37e7e40d0 Uncommon trap: trap_request=0xffffff66 fr.pc=0x000001e36e5db6f4 relative=0x0000000000000314
Event: 0.923 Thread 0x000001e37e7e40d0 Uncommon trap: reason=speculate_class_check action=maybe_recompile pc=0x000001e36e5db6f4 method=sun.security.util.math.intpoly.IntegerPolynomial.multByInt([JJ)V @ 26 c2
Event: 0.923 Thread 0x000001e37e7e40d0 DEOPT PACKING pc=0x000001e36e5db6f4 sp=0x0000003b8a3fe150
Event: 0.923 Thread 0x000001e37e7e40d0 DEOPT UNPACKING pc=0x000001e36de846a2 sp=0x0000003b8a3fe038 mode 2
Event: 0.923 Thread 0x000001e37e7e40d0 Uncommon trap: trap_request=0xffffff66 fr.pc=0x000001e36e5db6f4 relative=0x0000000000000314
Event: 0.923 Thread 0x000001e37e7e40d0 Uncommon trap: reason=speculate_class_check action=maybe_recompile pc=0x000001e36e5db6f4 method=sun.security.util.math.intpoly.IntegerPolynomial.multByInt([JJ)V @ 26 c2
Event: 0.923 Thread 0x000001e37e7e40d0 DEOPT PACKING pc=0x000001e36e5db6f4 sp=0x0000003b8a3fe150
Event: 0.923 Thread 0x000001e37e7e40d0 DEOPT UNPACKING pc=0x000001e36de846a2 sp=0x0000003b8a3fe038 mode 2
Event: 0.923 Thread 0x000001e37e7e40d0 Uncommon trap: trap_request=0xffffff66 fr.pc=0x000001e36e5daaf4 relative=0x0000000000000314
Event: 0.923 Thread 0x000001e37e7e40d0 Uncommon trap: reason=speculate_class_check action=maybe_recompile pc=0x000001e36e5daaf4 method=sun.security.util.math.intpoly.IntegerPolynomial.multByInt([JJ)V @ 26 c2
Event: 0.923 Thread 0x000001e37e7e40d0 DEOPT PACKING pc=0x000001e36e5daaf4 sp=0x0000003b8a3fe0e0
Event: 0.923 Thread 0x000001e37e7e40d0 DEOPT UNPACKING pc=0x000001e36de846a2 sp=0x0000003b8a3fe030 mode 2
Event: 0.923 Thread 0x000001e37e7e40d0 Uncommon trap: trap_request=0xffffff66 fr.pc=0x000001e36e5daaf4 relative=0x0000000000000314
Event: 0.923 Thread 0x000001e37e7e40d0 Uncommon trap: reason=speculate_class_check action=maybe_recompile pc=0x000001e36e5daaf4 method=sun.security.util.math.intpoly.IntegerPolynomial.multByInt([JJ)V @ 26 c2
Event: 0.923 Thread 0x000001e37e7e40d0 DEOPT PACKING pc=0x000001e36e5daaf4 sp=0x0000003b8a3fe0e0
Event: 0.923 Thread 0x000001e37e7e40d0 DEOPT UNPACKING pc=0x000001e36de846a2 sp=0x0000003b8a3fe030 mode 2
Event: 0.987 Thread 0x000001e37e7927b0 Uncommon trap: trap_request=0xffffff45 fr.pc=0x000001e36e5e1b78 relative=0x0000000000000938
Event: 0.987 Thread 0x000001e37e7927b0 Uncommon trap: reason=unstable_if action=reinterpret pc=0x000001e36e5e1b78 method=java.util.HashMap.putVal(ILjava/lang/Object;Ljava/lang/Object;ZZ)Ljava/lang/Object; @ 81 c2
Event: 0.987 Thread 0x000001e37e7927b0 DEOPT PACKING pc=0x000001e36e5e1b78 sp=0x0000003b8a1fed60
Event: 0.987 Thread 0x000001e37e7927b0 DEOPT UNPACKING pc=0x000001e36de846a2 sp=0x0000003b8a1fed20 mode 2

Classes loaded (20 events):
Event: 0.957 Loading class jdk/internal/event/TLSHandshakeEvent
Event: 0.957 Loading class jdk/internal/event/TLSHandshakeEvent done
Event: 0.958 Loading class com/sun/crypto/provider/GaloisCounterMode$GCMEncrypt
Event: 0.958 Loading class com/sun/crypto/provider/GaloisCounterMode$GCMEncrypt done
Event: 0.958 Loading class com/sun/crypto/provider/GaloisCounterMode$EncryptOp
Event: 0.958 Loading class com/sun/crypto/provider/GaloisCounterMode$EncryptOp done
Event: 0.958 Loading class sun/security/ssl/CipherSuite$1
Event: 0.958 Loading class sun/security/ssl/CipherSuite$1 done
Event: 0.959 Loading class java/util/concurrent/CompletionException
Event: 0.959 Loading class java/util/concurrent/CompletionException done
Event: 0.980 Loading class java/util/Collections$UnmodifiableMap$UnmodifiableEntrySet
Event: 0.980 Loading class java/util/Collections$UnmodifiableMap$UnmodifiableEntrySet done
Event: 0.980 Loading class java/util/Collections$UnmodifiableMap$UnmodifiableEntrySet$1
Event: 0.980 Loading class java/util/Collections$UnmodifiableMap$UnmodifiableEntrySet$1 done
Event: 0.980 Loading class java/util/Collections$UnmodifiableMap$UnmodifiableEntrySet$UnmodifiableEntry
Event: 0.980 Loading class java/util/Collections$UnmodifiableMap$UnmodifiableEntrySet$UnmodifiableEntry done
Event: 0.989 Loading class sun/security/ssl/NewSessionTicket$T13NewSessionTicketMessage
Event: 0.989 Loading class sun/security/ssl/NewSessionTicket$NewSessionTicketMessage
Event: 0.989 Loading class sun/security/ssl/NewSessionTicket$NewSessionTicketMessage done
Event: 0.989 Loading class sun/security/ssl/NewSessionTicket$T13NewSessionTicketMessage done

Classes unloaded (0 events):
No events

Classes redefined (0 events):
No events

Internal exceptions (20 events):
Event: 0.575 Thread 0x000001e361532150 Exception <a 'java/lang/NoSuchMethodError'{0x000000071912a250}: 'int java.lang.invoke.DirectMethodHandle$Holder.invokeStaticInit(java.lang.Object, long, long)'> (0x000000071912a250) 
thrown [s\src\hotspot\share\interpreter\linkResolver.cpp, line 784]
Event: 0.576 Thread 0x000001e361532150 Exception <a 'java/lang/NoSuchMethodError'{0x0000000719130ce8}: 'int java.lang.invoke.DirectMethodHandle$Holder.invokeStaticInit(java.lang.Object, float, float)'> (0x0000000719130ce8) 
thrown [s\src\hotspot\share\interpreter\linkResolver.cpp, line 784]
Event: 0.576 Thread 0x000001e361532150 Exception <a 'java/lang/NoSuchMethodError'{0x00000007191378a0}: 'int java.lang.invoke.DirectMethodHandle$Holder.invokeStaticInit(java.lang.Object, double, double)'> (0x00000007191378a0) 
thrown [s\src\hotspot\share\interpreter\linkResolver.cpp, line 784]
Event: 0.577 Thread 0x000001e361532150 Exception <a 'java/lang/NoSuchMethodError'{0x000000071913bf28}: 'int java.lang.invoke.DirectMethodHandle$Holder.invokeStatic(java.lang.Object, long)'> (0x000000071913bf28) 
thrown [s\src\hotspot\share\interpreter\linkResolver.cpp, line 784]
Event: 0.582 Thread 0x000001e361532150 Exception <a 'java/lang/NoSuchMethodError'{0x00000007191d9998}: 'java.lang.Object java.lang.invoke.DelegatingMethodHandle$Holder.delegate(java.lang.Object, int, java.lang.Object, java.lang.Object)'> (0x00000007191d9998) 
thrown [s\src\hotspot\share\interpreter\linkResolver.cpp, line 784]
Event: 0.584 Thread 0x000001e361532150 Exception <a 'java/lang/NoSuchMethodError'{0x00000007191e8cb8}: 'int java.lang.invoke.Invokers$Holder.linkToTargetMethod(java.lang.Object, java.lang.Object, java.lang.Object)'> (0x00000007191e8cb8) 
thrown [s\src\hotspot\share\interpreter\linkResolver.cpp, line 784]
Event: 0.590 Thread 0x000001e361532150 Exception <a 'java/lang/NoSuchMethodError'{0x0000000718e19420}: 'long java.lang.invoke.DirectMethodHandle$Holder.invokeSpecial(java.lang.Object, java.lang.Object)'> (0x0000000718e19420) 
thrown [s\src\hotspot\share\interpreter\linkResolver.cpp, line 784]
Event: 0.591 Thread 0x000001e361532150 Exception <a 'java/lang/NoSuchMethodError'{0x0000000718e1fcf0}: 'int java.lang.invoke.DirectMethodHandle$Holder.invokeStatic(java.lang.Object, java.lang.Object, java.lang.Object, java.lang.Object)'> (0x0000000718e1fcf0) 
thrown [s\src\hotspot\share\interpreter\linkResolver.cpp, line 784]
Event: 0.592 Thread 0x000001e361532150 Exception <a 'java/lang/NoSuchMethodError'{0x0000000718e23110}: 'java.lang.Object java.lang.invoke.Invokers$Holder.invokeExact_MT(java.lang.Object, java.lang.Object, java.lang.Object, java.lang.Object, java.lang.Object, java.lang.Object)'> (0x0000000718e23110) 
thrown [s\src\hotspot\share\interpreter\linkResolver.cpp, line 784]
Event: 0.684 Thread 0x000001e361532150 Exception <a 'java/lang/NoSuchMethodError'{0x0000000718faf828}: 'java.lang.Object java.lang.invoke.DirectMethodHandle$Holder.newInvokeSpecial(java.lang.Object, java.lang.Object, java.lang.Object, java.lang.Object, java.lang.Object)'> (0x0000000718faf828) 
thrown [s\src\hotspot\share\interpreter\linkResolver.cpp, line 784]
Event: 0.725 Thread 0x000001e361532150 Exception <a 'java/lang/NoSuchMethodError'{0x0000000718d433a0}: 'java.lang.Object java.lang.invoke.DirectMethodHandle$Holder.invokeSpecial(java.lang.Object, java.lang.Object, java.lang.Object, java.lang.Object, int)'> (0x0000000718d433a0) 
thrown [s\src\hotspot\share\interpreter\linkResolver.cpp, line 784]
Event: 0.725 Thread 0x000001e361532150 Exception <a 'java/lang/NoSuchMethodError'{0x0000000718d46d08}: 'java.lang.Object java.lang.invoke.Invokers$Holder.linkToTargetMethod(java.lang.Object, java.lang.Object, int, java.lang.Object)'> (0x0000000718d46d08) 
thrown [s\src\hotspot\share\interpreter\linkResolver.cpp, line 784]
Event: 0.733 Thread 0x000001e361532150 Exception <a 'java/lang/NoSuchMethodError'{0x0000000718d727e8}: 'void java.lang.invoke.DirectMethodHandle$Holder.invokeSpecial(java.lang.Object, java.lang.Object, java.lang.Object)'> (0x0000000718d727e8) 
thrown [s\src\hotspot\share\interpreter\linkResolver.cpp, line 784]
Event: 0.751 Thread 0x000001e37e7927b0 Exception <a 'java/lang/NoSuchMethodError'{0x0000000718fe7df0}: 'void java.lang.invoke.DirectMethodHandle$Holder.invokeStatic(java.lang.Object, java.lang.Object, int)'> (0x0000000718fe7df0) 
thrown [s\src\hotspot\share\interpreter\linkResolver.cpp, line 784]
Event: 0.752 Thread 0x000001e361532150 Exception <a 'java/lang/NoSuchMethodError'{0x0000000718df81c8}: 'void java.lang.invoke.DirectMethodHandle$Holder.invokeSpecial(java.lang.Object, java.lang.Object, java.lang.Object, java.lang.Object, java.lang.Object)'> (0x0000000718df81c8) 
thrown [s\src\hotspot\share\interpreter\linkResolver.cpp, line 784]
Event: 0.761 Thread 0x000001e37e7927b0 Exception <a 'java/lang/NoSuchMethodError'{0x0000000718a924e0}: 'void java.lang.invoke.DirectMethodHandle$Holder.invokeStatic(java.lang.Object, java.lang.Object)'> (0x0000000718a924e0) 
thrown [s\src\hotspot\share\interpreter\linkResolver.cpp, line 784]
Event: 0.763 Thread 0x000001e37e7e40d0 Exception <a 'java/lang/NoSuchMethodError'{0x0000000718b00ed0}: 'void java.lang.invoke.DirectMethodHandle$Holder.invokeInterface(java.lang.Object, java.lang.Object, java.lang.Object)'> (0x0000000718b00ed0) 
thrown [s\src\hotspot\share\interpreter\linkResolver.cpp, line 784]
Event: 0.770 Thread 0x000001e37e7e40d0 Exception <a 'java/lang/NoSuchMethodError'{0x0000000718b46820}: 'void java.lang.invoke.DirectMethodHandle$Holder.invokeVirtual(java.lang.Object, java.lang.Object)'> (0x0000000718b46820) 
thrown [s\src\hotspot\share\interpreter\linkResolver.cpp, line 784]
Event: 0.914 Thread 0x000001e37e7e40d0 Exception <a 'java/lang/NoSuchMethodError'{0x00000007189155f8}: 'void java.lang.invoke.DirectMethodHandle$Holder.invokeInterface(java.lang.Object, java.lang.Object)'> (0x00000007189155f8) 
thrown [s\src\hotspot\share\interpreter\linkResolver.cpp, line 784]
Event: 0.959 Thread 0x000001e37e7e40d0 Exception <a 'java/lang/NoSuchMethodError'{0x0000000718987dd8}: 'void java.lang.invoke.DirectMethodHandle$Holder.invokeStatic(java.lang.Object, java.lang.Object, java.lang.Object, java.lang.Object)'> (0x0000000718987dd8) 
thrown [s\src\hotspot\share\interpreter\linkResolver.cpp, line 784]

ZGC Phase Switch (0 events):
No events

VM Operations (10 events):
Event: 0.131 Executing VM operation: HandshakeAllThreads (Deoptimize)
Event: 0.131 Executing VM operation: HandshakeAllThreads (Deoptimize) done
Event: 0.144 Executing VM operation: HandshakeAllThreads (Deoptimize)
Event: 0.144 Executing VM operation: HandshakeAllThreads (Deoptimize) done
Event: 0.489 Executing VM operation: HandshakeAllThreads (Deoptimize)
Event: 0.489 Executing VM operation: HandshakeAllThreads (Deoptimize) done
Event: 0.756 Executing VM operation: HandshakeAllThreads (Deoptimize)
Event: 0.756 Executing VM operation: HandshakeAllThreads (Deoptimize) done
Event: 0.827 Executing VM operation: ICBufferFull
Event: 0.828 Executing VM operation: ICBufferFull done

Memory protections (0 events):
No events

Nmethod flushes (0 events):
No events

Events (20 events):
Event: 0.064 Thread 0x000001e361532150 Thread added: 0x000001e37e0c6030
Event: 0.064 Thread 0x000001e361532150 Thread added: 0x000001e37e0e0ec0
Event: 0.065 Thread 0x000001e361532150 Thread added: 0x000001e37e0e1520
Event: 0.065 Thread 0x000001e361532150 Thread added: 0x000001e37e0e22a0
Event: 0.065 Thread 0x000001e361532150 Thread added: 0x000001e37e0e8240
Event: 0.095 Thread 0x000001e37e0e8240 Thread added: 0x000001e37e1ceca0
Event: 0.101 Thread 0x000001e361532150 Thread added: 0x000001e37e273700
Event: 0.108 Thread 0x000001e361532150 Thread added: 0x000001e37e278f40
Event: 0.116 Loaded shared library D:\Nicky\AndroidStudio\App\jbr\bin\net.dll
Event: 0.118 Loaded shared library D:\Nicky\AndroidStudio\App\jbr\bin\nio.dll
Event: 0.126 Loaded shared library D:\Nicky\AndroidStudio\App\jbr\bin\zip.dll
Event: 0.255 Loaded shared library D:\Nicky\AndroidStudio\App\jbr\bin\jimage.dll
Event: 0.508 Thread 0x000001e37e0e22a0 Thread added: 0x000001e37e4da050
Event: 0.671 Loaded shared library D:\Nicky\AndroidStudio\App\jbr\bin\extnet.dll
Event: 0.678 Thread 0x000001e361532150 Thread added: 0x000001e37e7927b0
Event: 0.760 Thread 0x000001e37e7927b0 Thread added: 0x000001e37e7e40d0
Event: 0.779 Thread 0x000001e37e7927b0 Thread added: 0x000001e37e7f7ba0
Event: 0.835 Thread 0x000001e37e0e8240 Thread added: 0x000001e37e8bdb10
Event: 0.837 Thread 0x000001e37e4da050 Thread added: 0x000001e37e8155c0
Event: 0.842 Thread 0x000001e37e0e8240 Thread added: 0x000001e37e81aad0


Dynamic libraries:
0x00007ff771d70000 - 0x00007ff771d7a000 	D:\Nicky\AndroidStudio\App\jbr\bin\java.exe
0x00007ff8052d0000 - 0x00007ff8054c8000 	C:\windows\SYSTEM32\ntdll.dll
0x00007ff804b50000 - 0x00007ff804c12000 	C:\windows\System32\KERNEL32.DLL
0x00007ff802b40000 - 0x00007ff802e36000 	C:\windows\System32\KERNELBASE.dll
0x00007ff802a40000 - 0x00007ff802b40000 	C:\windows\System32\ucrtbase.dll
0x00007ffff0460000 - 0x00007ffff0478000 	D:\Nicky\AndroidStudio\App\jbr\bin\jli.dll
0x00007ffffe840000 - 0x00007ffffe85b000 	D:\Nicky\AndroidStudio\App\jbr\bin\VCRUNTIME140.dll
0x00007ff8045b0000 - 0x00007ff80474d000 	C:\windows\System32\USER32.dll
0x00007ff802fc0000 - 0x00007ff802fe2000 	C:\windows\System32\win32u.dll
0x00007fffe9e20000 - 0x00007fffea0ba000 	C:\windows\WinSxS\amd64_microsoft.windows.common-controls_6595b64144ccf1df_6.0.19041.4355_none_60b8b9eb71f62e16\COMCTL32.dll
0x00007ff804520000 - 0x00007ff80454b000 	C:\windows\System32\GDI32.dll
0x00007ff804750000 - 0x00007ff8047ee000 	C:\windows\System32\msvcrt.dll
0x00007ff8031d0000 - 0x00007ff8032ea000 	C:\windows\System32\gdi32full.dll
0x00007ff802f20000 - 0x00007ff802fbd000 	C:\windows\System32\msvcp_win.dll
0x00007ff803ed0000 - 0x00007ff803eff000 	C:\windows\System32\IMM32.DLL
0x00007ffffffe0000 - 0x00007ffffffec000 	D:\Nicky\AndroidStudio\App\jbr\bin\vcruntime140_1.dll
0x00007fffda9f0000 - 0x00007fffdaa7d000 	D:\Nicky\AndroidStudio\App\jbr\bin\msvcp140.dll
0x00007fffbe940000 - 0x00007fffbf5cb000 	D:\Nicky\AndroidStudio\App\jbr\bin\server\jvm.dll
0x00007ff8042e0000 - 0x00007ff80438f000 	C:\windows\System32\ADVAPI32.dll
0x00007ff803650000 - 0x00007ff8036ef000 	C:\windows\System32\sechost.dll
0x00007ff805160000 - 0x00007ff805283000 	C:\windows\System32\RPCRT4.dll
0x00007ff802e40000 - 0x00007ff802e67000 	C:\windows\System32\bcrypt.dll
0x00007ff804270000 - 0x00007ff8042db000 	C:\windows\System32\WS2_32.dll
0x00007ff801ea0000 - 0x00007ff801eeb000 	C:\windows\SYSTEM32\POWRPROF.dll
0x00007ffffc540000 - 0x00007ffffc54a000 	C:\windows\SYSTEM32\VERSION.dll
0x00007ffff7a00000 - 0x00007ffff7a27000 	C:\windows\SYSTEM32\WINMM.dll
0x00007ff801d60000 - 0x00007ff801d72000 	C:\windows\SYSTEM32\UMPDC.dll
0x00007ff8007e0000 - 0x00007ff8007f2000 	C:\windows\SYSTEM32\kernel.appcore.dll
0x00007ffffed30000 - 0x00007ffffed3a000 	D:\Nicky\AndroidStudio\App\jbr\bin\jimage.dll
0x00007ffff4240000 - 0x00007ffff4424000 	C:\windows\SYSTEM32\DBGHELP.DLL
0x00007ffff7620000 - 0x00007ffff7654000 	C:\windows\SYSTEM32\dbgcore.DLL
0x00007ff802960000 - 0x00007ff8029e2000 	C:\windows\System32\bcryptPrimitives.dll
0x00007ffffe750000 - 0x00007ffffe770000 	D:\Nicky\AndroidStudio\App\jbr\bin\java.dll
0x00007ffffd740000 - 0x00007ffffd758000 	D:\Nicky\AndroidStudio\App\jbr\bin\zip.dll
0x00007ff803700000 - 0x00007ff803e6f000 	C:\windows\System32\SHELL32.dll
0x00007ff8009e0000 - 0x00007ff801183000 	C:\windows\SYSTEM32\windows.storage.dll
0x00007ff8047f0000 - 0x00007ff804b45000 	C:\windows\System32\combase.dll
0x00007ff802390000 - 0x00007ff8023bb000 	C:\windows\SYSTEM32\Wldp.dll
0x00007ff803420000 - 0x00007ff8034ed000 	C:\windows\System32\OLEAUT32.dll
0x00007ff804390000 - 0x00007ff80443d000 	C:\windows\System32\SHCORE.dll
0x00007ff804c20000 - 0x00007ff804c75000 	C:\windows\System32\shlwapi.dll
0x00007ff802890000 - 0x00007ff8028b5000 	C:\windows\SYSTEM32\profapi.dll
0x00007ffffecd0000 - 0x00007ffffece0000 	D:\Nicky\AndroidStudio\App\jbr\bin\net.dll
0x00007ffffa830000 - 0x00007ffffa93a000 	C:\windows\SYSTEM32\WINHTTP.dll
0x00007ff8020f0000 - 0x00007ff80215c000 	C:\windows\system32\mswsock.dll
0x00007ffffd6a0000 - 0x00007ffffd6b6000 	D:\Nicky\AndroidStudio\App\jbr\bin\nio.dll
0x00007ff8022f0000 - 0x00007ff802308000 	C:\windows\SYSTEM32\CRYPTSP.dll
0x00007ff8019a0000 - 0x00007ff8019d8000 	C:\windows\system32\rsaenh.dll
0x00007ff802810000 - 0x00007ff80283e000 	C:\windows\SYSTEM32\USERENV.dll
0x00007ff8022e0000 - 0x00007ff8022ec000 	C:\windows\SYSTEM32\CRYPTBASE.dll
0x00007ff801d80000 - 0x00007ff801dbb000 	C:\windows\SYSTEM32\IPHLPAPI.DLL
0x00007ff804130000 - 0x00007ff804138000 	C:\windows\System32\NSI.dll
0x00007fffdfd10000 - 0x00007fffdfd17000 	C:\windows\system32\wshunix.dll
0x00007ffffec00000 - 0x00007ffffec09000 	D:\Nicky\AndroidStudio\App\jbr\bin\extnet.dll

dbghelp: loaded successfully - version: 4.0.5 - missing functions: none
symbol engine: initialized successfully - sym options: 0x614 - pdb path: .;D:\Nicky\AndroidStudio\App\jbr\bin;C:\windows\SYSTEM32;C:\windows\WinSxS\amd64_microsoft.windows.common-controls_6595b64144ccf1df_6.0.19041.4355_none_60b8b9eb71f62e16;D:\Nicky\AndroidStudio\App\jbr\bin\server

VM Arguments:
java_command: git4idea.http.GitAskPassApp Username for 'https://github.com': 
java_class_path (initial): D:/Nicky/AndroidStudio/App/plugins/vcs-git/lib/git4idea-rt.jar;D:/Nicky/AndroidStudio/App/lib/externalProcess-rt.jar
Launcher Type: SUN_STANDARD

[Global flags]
     intx CICompilerCount                          = 12                                        {product} {ergonomic}
     uint ConcGCThreads                            = 3                                         {product} {ergonomic}
     uint G1ConcRefinementThreads                  = 13                                        {product} {ergonomic}
   size_t G1HeapRegionSize                         = 2097152                                   {product} {ergonomic}
    uintx GCDrainStackTargetSize                   = 64                                        {product} {ergonomic}
   size_t InitialHeapSize                          = 257949696                                 {product} {ergonomic}
   size_t MarkStackSize                            = 4194304                                   {product} {ergonomic}
   size_t MaxHeapSize                              = 4125097984                                {product} {ergonomic}
   size_t MaxNewSize                               = 2474639360                                {product} {ergonomic}
   size_t MinHeapDeltaBytes                        = 2097152                                   {product} {ergonomic}
   size_t MinHeapSize                              = 8388608                                   {product} {ergonomic}
    uintx NonNMethodCodeHeapSize                   = 7602480                                {pd product} {ergonomic}
    uintx NonProfiledCodeHeapSize                  = 122027880                              {pd product} {ergonomic}
    uintx ProfiledCodeHeapSize                     = 122027880                              {pd product} {ergonomic}
    uintx ReservedCodeCacheSize                    = 251658240                              {pd product} {ergonomic}
     bool SegmentedCodeCache                       = true                                      {product} {ergonomic}
   size_t SoftMaxHeapSize                          = 4125097984                             {manageable} {ergonomic}
     bool UseCompressedOops                        = true                           {product lp64_product} {ergonomic}
     bool UseG1GC                                  = true                                      {product} {ergonomic}
     bool UseLargePagesIndividualAllocation        = false                                  {pd product} {ergonomic}

Logging:
Log output configuration:
 #0: stdout all=warning uptime,level,tags foldmultilines=false
 #1: stderr all=off uptime,level,tags foldmultilines=false

Environment Variables:
PATH=C:\Program Files\Git\mingw64\libexec\git-core;C:\Program Files\Git\mingw64\libexec\git-core;C:\Program Files\Git\mingw64\bin;C:\Program Files\Git\usr\bin;C:\Users\HP\bin;C:\Program Files (x86)\Common Files\Intel\Shared Libraries\redist\intel64\compiler;C:\windows\system32;C:\windows;C:\windows\System32\Wbem;C:\windows\System32\WindowsPowerShell\v1.0;C:\windows\System32\OpenSSH;C:\Program Files (x86)\NVIDIA Corporation\PhysX\Common;C:\Program Files\NVIDIA Corporation\NVIDIA NvDLISR;C:\Program Files\Git\cmd;C:\Users\HP\AppData\Local\Programs\Python\Launcher;C:\Users\HP\AppData\Local\Microsoft\WindowsApps;C:\Users\HP\AppData\Local\Programs\Microsoft VS Code\bin;C:\Users\HP\AppData\Local\GitHubDesktop\bin;D:\Anaconda\condabin;C:\Users\HP\AppData\Local\Microsoft\WindowsApps
USERNAME=HP
DISPLAY=:0.0
LC_ALL=en_US.UTF-8
TERM=xterm-256color
TMPDIR=C:\Users\HP\AppData\Local\Temp
OS=Windows_NT
PROCESSOR_IDENTIFIER=AMD64 Family 23 Model 96 Stepping 1, AuthenticAMD
TMP=C:\Users\HP\AppData\Local\Temp
TEMP=C:\Users\HP\AppData\Local\Temp




Periodic native trim disabled

JNI global refs:
JNI global refs: 28, weak refs: 0

JNI global refs memory usage: 835, weak refs: 833

Process memory usage:
Resident Set Size: 84664K (0% of 16108832K total physical memory with 909948K free physical memory)

OOME stack traces (most recent first):
Classloader memory used:
Loader bootstrap                                                                       : 15322K
Loader jdk.internal.loader.ClassLoaders$PlatformClassLoader                            : 1848K
Loader jdk.internal.loader.ClassLoaders$AppClassLoader                                 : 16448B

---------------  S Y S T E M  ---------------

OS:
 Windows 10 , 64 bit Build 19041 (10.0.19041.5678)
OS uptime: 9 days 14:09 hours

CPU: total 16 (initial active 16) (16 cores per cpu, 2 threads per core) family 23 model 96 stepping 1 microcode 0x0, cx8, cmov, fxsr, ht, mmx, 3dnowpref, sse, sse2, sse3, ssse3, sse4a, sse4.1, sse4.2, popcnt, lzcnt, tsc, tscinvbit, avx, avx2, aes, clmul, bmi1, bmi2, adx, sha, fma, vzeroupper, clflush, clflushopt, rdtscp, rdpid, f16c
Processor Information for processor 0
  Max Mhz: 2900, Current Mhz: 2900, Mhz Limit: 2900
Processor Information for processor 1
  Max Mhz: 2900, Current Mhz: 2900, Mhz Limit: 2900
Processor Information for processor 2
  Max Mhz: 2900, Current Mhz: 2900, Mhz Limit: 2900
Processor Information for processor 3
  Max Mhz: 2900, Current Mhz: 2900, Mhz Limit: 2900
Processor Information for processor 4
  Max Mhz: 2900, Current Mhz: 2900, Mhz Limit: 2900
Processor Information for processor 5
  Max Mhz: 2900, Current Mhz: 2900, Mhz Limit: 2900
Processor Information for processor 6
  Max Mhz: 2900, Current Mhz: 2900, Mhz Limit: 2900
Processor Information for processor 7
  Max Mhz: 2900, Current Mhz: 2900, Mhz Limit: 2900
Processor Information for processor 8
  Max Mhz: 2900, Current Mhz: 2900, Mhz Limit: 2900
Processor Information for processor 9
  Max Mhz: 2900, Current Mhz: 2900, Mhz Limit: 2900
Processor Information for processor 10
  Max Mhz: 2900, Current Mhz: 1400, Mhz Limit: 2900
Processor Information for processor 11
  Max Mhz: 2900, Current Mhz: 1400, Mhz Limit: 2900
Processor Information for processor 12
  Max Mhz: 2900, Current Mhz: 1400, Mhz Limit: 2900
Processor Information for processor 13
  Max Mhz: 2900, Current Mhz: 1400, Mhz Limit: 2900
Processor Information for processor 14
  Max Mhz: 2900, Current Mhz: 1400, Mhz Limit: 2900
Processor Information for processor 15
  Max Mhz: 2900, Current Mhz: 1400, Mhz Limit: 2900

Memory: 4k page, system-wide physical 15731M (888M free)
TotalPageFile size 40904M (AvailPageFile size 14M)
current process WorkingSet (physical memory assigned to process): 82M, peak: 83M
current process commit charge ("private bytes"): 363M, peak: 365M

vm_info: OpenJDK 64-Bit Server VM (21.0.6+-13355223-b631.42) for windows-amd64 JRE (21.0.6+-13355223-b631.42), built on 2025-04-14T18:21:23Z by "builder" with MS VC++ 16.10 / 16.11 (VS2019)

END.
