#
# There is insufficient memory for the Java Runtime Environment to continue.
# Native memory allocation (mmap) failed to map 257949696 bytes. Error detail: G1 virtual space
# Possible reasons:
#   The system is out of physical RAM or swap space
#   This process is running with CompressedOops enabled, and the Java Heap may be blocking the growth of the native heap
# Possible solutions:
#   Reduce memory load on the system
#   Increase physical memory or swap space
#   Check if swap backing store is full
#   Decrease Java heap size (-Xmx/-Xms)
#   Decrease number of Java threads
#   Decrease Java thread stack sizes (-Xss)
#   Set larger code cache with -XX:ReservedCodeCacheSize=
#   JVM is running with Zero Based Compressed Oops mode in which the Java heap is
#     placed in the first 32GB address space. The Java Heap base address is the
#     maximum limit for the native heap growth. Please use -XX:HeapBaseMinAddress
#     to set the Java Heap base and to place the Java Heap above 32GB virtual address.
# This output file may be truncated or incomplete.
#
#  Out of Memory Error (os_windows.cpp:3898), pid=41824, tid=39572
#
# JRE version:  (21.0.6) (build )
# Java VM: OpenJDK 64-Bit Server VM (21.0.6+-13355223-b631.42, mixed mode, sharing, tiered, compressed oops, compressed class ptrs, g1 gc, windows-amd64)
# No core dump will be written. Minidumps are not enabled by default on client versions of Windows
#

---------------  S U M M A R Y ------------

Command Line: git4idea.http.GitAskPassApp Username for 'https://github.com': 

Host: AMD Ryzen 7 4800H with Radeon Graphics         , 16 cores, 15G,  Windows 10 , 64 bit Build 19041 (10.0.19041.5678)
Time: Mon May  5 22:39:31 2025 SE Asia Standard Time elapsed time: 0.079560 seconds (0d 0h 0m 0s)

---------------  T H R E A D  ---------------

Current thread (0x000001f2d637e500):  JavaThread "Unknown thread" [_thread_in_vm, id=39572, stack(0x000000c914f00000,0x000000c915000000) (1024K)]

Stack: [0x000000c914f00000,0x000000c915000000]
Native frames: (J=compiled Java code, j=interpreted, Vv=VM code, C=native code)
V  [jvm.dll+0x6d05a9]
V  [jvm.dll+0x85ea73]
V  [jvm.dll+0x860fce]
V  [jvm.dll+0x8616b3]
V  [jvm.dll+0x27e6e6]
V  [jvm.dll+0x6ccf45]
V  [jvm.dll+0x6c09fa]
V  [jvm.dll+0x35535b]
V  [jvm.dll+0x35cfb6]
V  [jvm.dll+0x3aef46]
V  [jvm.dll+0x3af218]
V  [jvm.dll+0x327a2c]
V  [jvm.dll+0x32871b]
V  [jvm.dll+0x8264b9]
V  [jvm.dll+0x3bc118]
V  [jvm.dll+0x80f768]
V  [jvm.dll+0x4502ce]
V  [jvm.dll+0x451a31]
C  [jli.dll+0x52ab]
C  [ucrtbase.dll+0x21bb2]
C  [KERNEL32.DLL+0x17374]
C  [ntdll.dll+0x4cc91]


---------------  P R O C E S S  ---------------

Threads class SMR info:
_java_thread_list=0x00007fffbf481848, length=0, elements={
}

Java Threads: ( => current thread )
Total: 0

Other Threads:
  0x000001f2d86cf690 WorkerThread "GC Thread#0"                     [id=41888, stack(0x000000c915000000,0x000000c915100000) (1024K)]
  0x000001f2d86e05c0 ConcurrentGCThread "G1 Main Marker"            [id=41664, stack(0x000000c915100000,0x000000c915200000) (1024K)]
  0x000001f2d86e1860 WorkerThread "G1 Conc#0"                       [id=43740, stack(0x000000c915200000,0x000000c915300000) (1024K)]

[error occurred during error reporting (printing all threads), id 0xc0000005, EXCEPTION_ACCESS_VIOLATION (0xc0000005) at pc=0x00007fffbec7aa67]
VM state: not at safepoint (not fully initialized)

VM Mutex/Monitor currently owned by a thread:  ([mutex/lock_event])
[0x00007fffbf4ee4a0] Heap_lock - owner thread: 0x000001f2d637e500

Heap address: 0x000000070a200000, size: 3934 MB, Compressed Oops mode: Zero based, Oop shift amount: 3

CDS archive(s) mapped at: [0x0000000000000000-0x0000000000000000-0x0000000000000000), size 0, SharedBaseAddress: 0x0000000800000000, ArchiveRelocationMode: 1.
Narrow klass base: 0x0000000000000000, Narrow klass shift: 0, Narrow klass range: 0x0

GC Precious Log:
 CardTable entry size: 512
 Card Set container configuration: InlinePtr #cards 4 size 8 Array Of Cards #cards 16 size 48 Howl #buckets 8 coarsen threshold 3686 Howl Bitmap #cards 512 size 80 coarsen threshold 460 Card regions per heap region 1 cards per card region 4096

Heap:
 garbage-first heap   total 0K, used 0K [0x000000070a200000, 0x0000000800000000)
  region size 2048K, 0 young (0K), 0 survivors (0K)
 Metaspace       used 0K, committed 0K, reserved 0K
  class space    used 0K, committed 0K, reserved 0K

Heap Regions: E=young(eden), S=young(survivor), O=old, HS=humongous(starts), HC=humongous(continues), CS=collection set, F=free, TAMS=top-at-mark-start, PB=parsable bottom

Card table byte_map: [0x000001f2eb800000,0x000001f2ebfb0000] _byte_map_base: 0x000001f2e7faf000

Marking Bits: (CMBitMap*) 0x000001f2d86d05a0
 Bits: [0x000001f2ebfb0000, 0x000001f2efd28000)

GC Heap History (0 events):
No events

Dll operation events (1 events):
Event: 0.074 Loaded shared library D:\Nicky\AndroidStudio\App\jbr\bin\java.dll

Deoptimization events (0 events):
No events

Classes loaded (0 events):
No events

Classes unloaded (0 events):
No events

Classes redefined (0 events):
No events

Internal exceptions (0 events):
No events

ZGC Phase Switch (0 events):
No events

VM Operations (0 events):
No events

Memory protections (0 events):
No events

Nmethod flushes (0 events):
No events

Events (0 events):
No events


Dynamic libraries:
0x00007ff7e78a0000 - 0x00007ff7e78aa000 	D:\Nicky\AndroidStudio\App\jbr\bin\java.exe
0x00007ff8052d0000 - 0x00007ff8054c8000 	C:\windows\SYSTEM32\ntdll.dll
0x00007ff804b50000 - 0x00007ff804c12000 	C:\windows\System32\KERNEL32.DLL
0x00007ff802b40000 - 0x00007ff802e36000 	C:\windows\System32\KERNELBASE.dll
0x00007ff802a40000 - 0x00007ff802b40000 	C:\windows\System32\ucrtbase.dll
0x00007ffffe840000 - 0x00007ffffe85b000 	D:\Nicky\AndroidStudio\App\jbr\bin\VCRUNTIME140.dll
0x00007ffffe480000 - 0x00007ffffe498000 	D:\Nicky\AndroidStudio\App\jbr\bin\jli.dll
0x00007ff8045b0000 - 0x00007ff80474d000 	C:\windows\System32\USER32.dll
0x00007ff802fc0000 - 0x00007ff802fe2000 	C:\windows\System32\win32u.dll
0x00007ff804520000 - 0x00007ff80454b000 	C:\windows\System32\GDI32.dll
0x00007ff8031d0000 - 0x00007ff8032ea000 	C:\windows\System32\gdi32full.dll
0x00007fffe9e20000 - 0x00007fffea0ba000 	C:\windows\WinSxS\amd64_microsoft.windows.common-controls_6595b64144ccf1df_6.0.19041.4355_none_60b8b9eb71f62e16\COMCTL32.dll
0x00007ff802f20000 - 0x00007ff802fbd000 	C:\windows\System32\msvcp_win.dll
0x00007ff804750000 - 0x00007ff8047ee000 	C:\windows\System32\msvcrt.dll
0x00007ff803ed0000 - 0x00007ff803eff000 	C:\windows\System32\IMM32.DLL
0x00007ffffffe0000 - 0x00007ffffffec000 	D:\Nicky\AndroidStudio\App\jbr\bin\vcruntime140_1.dll
0x00007fffceea0000 - 0x00007fffcef2d000 	D:\Nicky\AndroidStudio\App\jbr\bin\msvcp140.dll
0x00007fffbe940000 - 0x00007fffbf5cb000 	D:\Nicky\AndroidStudio\App\jbr\bin\server\jvm.dll
0x00007ff8042e0000 - 0x00007ff80438f000 	C:\windows\System32\ADVAPI32.dll
0x00007ff803650000 - 0x00007ff8036ef000 	C:\windows\System32\sechost.dll
0x00007ff805160000 - 0x00007ff805283000 	C:\windows\System32\RPCRT4.dll
0x00007ff802e40000 - 0x00007ff802e67000 	C:\windows\System32\bcrypt.dll
0x00007ff804270000 - 0x00007ff8042db000 	C:\windows\System32\WS2_32.dll
0x00007ff801ea0000 - 0x00007ff801eeb000 	C:\windows\SYSTEM32\POWRPROF.dll
0x00007ffffc540000 - 0x00007ffffc54a000 	C:\windows\SYSTEM32\VERSION.dll
0x00007ffff7a00000 - 0x00007ffff7a27000 	C:\windows\SYSTEM32\WINMM.dll
0x00007ff801d60000 - 0x00007ff801d72000 	C:\windows\SYSTEM32\UMPDC.dll
0x00007ff8007e0000 - 0x00007ff8007f2000 	C:\windows\SYSTEM32\kernel.appcore.dll
0x00007ffffed30000 - 0x00007ffffed3a000 	D:\Nicky\AndroidStudio\App\jbr\bin\jimage.dll
0x00007ffff4240000 - 0x00007ffff4424000 	C:\windows\SYSTEM32\DBGHELP.DLL
0x00007ffff7620000 - 0x00007ffff7654000 	C:\windows\SYSTEM32\dbgcore.DLL
0x00007ff802960000 - 0x00007ff8029e2000 	C:\windows\System32\bcryptPrimitives.dll
0x00007ffffe750000 - 0x00007ffffe770000 	D:\Nicky\AndroidStudio\App\jbr\bin\java.dll

dbghelp: loaded successfully - version: 4.0.5 - missing functions: none
symbol engine: initialized successfully - sym options: 0x614 - pdb path: .;D:\Nicky\AndroidStudio\App\jbr\bin;C:\windows\SYSTEM32;C:\windows\WinSxS\amd64_microsoft.windows.common-controls_6595b64144ccf1df_6.0.19041.4355_none_60b8b9eb71f62e16;D:\Nicky\AndroidStudio\App\jbr\bin\server

VM Arguments:
java_command: git4idea.http.GitAskPassApp Username for 'https://github.com': 
java_class_path (initial): D:/Nicky/AndroidStudio/App/plugins/vcs-git/lib/git4idea-rt.jar;D:/Nicky/AndroidStudio/App/lib/externalProcess-rt.jar
Launcher Type: SUN_STANDARD

[Global flags]
     intx CICompilerCount                          = 12                                        {product} {ergonomic}
     uint ConcGCThreads                            = 3                                         {product} {ergonomic}
     uint G1ConcRefinementThreads                  = 13                                        {product} {ergonomic}
   size_t G1HeapRegionSize                         = 2097152                                   {product} {ergonomic}
    uintx GCDrainStackTargetSize                   = 64                                        {product} {ergonomic}
   size_t InitialHeapSize                          = 257949696                                 {product} {ergonomic}
   size_t MarkStackSize                            = 4194304                                   {product} {ergonomic}
   size_t MaxHeapSize                              = 4125097984                                {product} {ergonomic}
   size_t MinHeapDeltaBytes                        = 2097152                                   {product} {ergonomic}
   size_t MinHeapSize                              = 8388608                                   {product} {ergonomic}
    uintx NonNMethodCodeHeapSize                   = 7602480                                {pd product} {ergonomic}
    uintx NonProfiledCodeHeapSize                  = 122027880                              {pd product} {ergonomic}
    uintx ProfiledCodeHeapSize                     = 122027880                              {pd product} {ergonomic}
    uintx ReservedCodeCacheSize                    = 251658240                              {pd product} {ergonomic}
     bool SegmentedCodeCache                       = true                                      {product} {ergonomic}
   size_t SoftMaxHeapSize                          = 4125097984                             {manageable} {ergonomic}
     bool UseCompressedOops                        = true                           {product lp64_product} {ergonomic}
     bool UseG1GC                                  = true                                      {product} {ergonomic}
     bool UseLargePagesIndividualAllocation        = false                                  {pd product} {ergonomic}

Logging:
Log output configuration:
 #0: stdout all=warning uptime,level,tags foldmultilines=false
 #1: stderr all=off uptime,level,tags foldmultilines=false

Environment Variables:
PATH=C:\Program Files\Git\mingw64\libexec\git-core;C:\Program Files\Git\mingw64\libexec\git-core;C:\Program Files\Git\mingw64\bin;C:\Program Files\Git\usr\bin;C:\Users\HP\bin;C:\Program Files (x86)\Common Files\Intel\Shared Libraries\redist\intel64\compiler;C:\windows\system32;C:\windows;C:\windows\System32\Wbem;C:\windows\System32\WindowsPowerShell\v1.0;C:\windows\System32\OpenSSH;C:\Program Files (x86)\NVIDIA Corporation\PhysX\Common;C:\Program Files\NVIDIA Corporation\NVIDIA NvDLISR;C:\Program Files\Git\cmd;C:\Users\HP\AppData\Local\Programs\Python\Launcher;C:\Users\HP\AppData\Local\Microsoft\WindowsApps;C:\Users\HP\AppData\Local\Programs\Microsoft VS Code\bin;C:\Users\HP\AppData\Local\GitHubDesktop\bin;D:\Anaconda\condabin;C:\Users\HP\AppData\Local\Microsoft\WindowsApps
USERNAME=HP
DISPLAY=:0.0
LC_ALL=en_US.UTF-8
TERM=xterm-256color
TMPDIR=C:\Users\HP\AppData\Local\Temp
OS=Windows_NT
PROCESSOR_IDENTIFIER=AMD64 Family 23 Model 96 Stepping 1, AuthenticAMD
TMP=C:\Users\HP\AppData\Local\Temp
TEMP=C:\Users\HP\AppData\Local\Temp




Periodic native trim disabled

JNI global refs:
JNI global refs: 0, weak refs: 0

JNI global refs memory usage: 0, weak refs: 0

Process memory usage:
Resident Set Size: 10912K (0% of 16108832K total physical memory with 786600K free physical memory)

OOME stack traces (most recent first):
Classloader memory used:

---------------  S Y S T E M  ---------------

OS:
 Windows 10 , 64 bit Build 19041 (10.0.19041.5678)
OS uptime: 8 days 23:03 hours

CPU: total 16 (initial active 16) (16 cores per cpu, 2 threads per core) family 23 model 96 stepping 1 microcode 0x0, cx8, cmov, fxsr, ht, mmx, 3dnowpref, sse, sse2, sse3, ssse3, sse4a, sse4.1, sse4.2, popcnt, lzcnt, tsc, tscinvbit, avx, avx2, aes, clmul, bmi1, bmi2, adx, sha, fma, vzeroupper, clflush, clflushopt, rdtscp, rdpid, f16c
Processor Information for the first 16 processors :
  Max Mhz: 2900, Current Mhz: 2900, Mhz Limit: 2900

Memory: 4k page, system-wide physical 15731M (768M free)
TotalPageFile size 40880M (AvailPageFile size 125M)
current process WorkingSet (physical memory assigned to process): 10M, peak: 10M
current process commit charge ("private bytes"): 70M, peak: 316M

vm_info: OpenJDK 64-Bit Server VM (21.0.6+-13355223-b631.42) for windows-amd64 JRE (21.0.6+-13355223-b631.42), built on 2025-04-14T18:21:23Z by "builder" with MS VC++ 16.10 / 16.11 (VS2019)

END.
